{"/Users/josiah.buxton/Documents/personal/coral_clash/functions/routes/friends.js": {"path":"/Users/josiah.buxton/Documents/personal/coral_clash/functions/routes/friends.js","statementMap":{"0":{"start":{"line":1,"column":18},"end":{"line":1,"column":50}},"1":{"start":{"line":2,"column":14},"end":{"line":2,"column":39}},"2":{"start":{"line":3,"column":28},"end":{"line":3,"column":55}},"3":{"start":{"line":7,"column":4},"end":{"line":7,"column":37}},"4":{"start":{"line":9,"column":11},"end":{"line":9,"column":28}},"5":{"start":{"line":18,"column":4},"end":{"line":20,"column":5}},"6":{"start":{"line":19,"column":8},"end":{"line":19,"column":22}},"7":{"start":{"line":21,"column":4},"end":{"line":23,"column":5}},"8":{"start":{"line":22,"column":8},"end":{"line":22,"column":27}},"9":{"start":{"line":24,"column":4},"end":{"line":24,"column":46}},"10":{"start":{"line":32,"column":0},"end":{"line":147,"column":3}},"11":{"start":{"line":33,"column":4},"end":{"line":146,"column":5}},"12":{"start":{"line":34,"column":8},"end":{"line":36,"column":9}},"13":{"start":{"line":35,"column":12},"end":{"line":35,"column":98}},"14":{"start":{"line":38,"column":36},"end":{"line":38,"column":40}},"15":{"start":{"line":39,"column":23},"end":{"line":39,"column":39}},"16":{"start":{"line":41,"column":8},"end":{"line":46,"column":9}},"17":{"start":{"line":42,"column":12},"end":{"line":45,"column":14}},"18":{"start":{"line":48,"column":27},"end":{"line":48,"column":35}},"19":{"start":{"line":51,"column":8},"end":{"line":57,"column":9}},"20":{"start":{"line":52,"column":32},"end":{"line":52,"column":72}},"21":{"start":{"line":53,"column":12},"end":{"line":55,"column":13}},"22":{"start":{"line":54,"column":16},"end":{"line":54,"column":100}},"23":{"start":{"line":56,"column":12},"end":{"line":56,"column":43}},"24":{"start":{"line":59,"column":8},"end":{"line":64,"column":9}},"25":{"start":{"line":60,"column":12},"end":{"line":63,"column":14}},"26":{"start":{"line":67,"column":26},"end":{"line":67,"column":78}},"27":{"start":{"line":68,"column":8},"end":{"line":70,"column":9}},"28":{"start":{"line":69,"column":12},"end":{"line":69,"column":80}},"29":{"start":{"line":73,"column":31},"end":{"line":78,"column":18}},"30":{"start":{"line":80,"column":8},"end":{"line":82,"column":9}},"31":{"start":{"line":81,"column":12},"end":{"line":81,"column":86}},"32":{"start":{"line":85,"column":32},"end":{"line":90,"column":18}},"33":{"start":{"line":92,"column":8},"end":{"line":94,"column":9}},"34":{"start":{"line":93,"column":12},"end":{"line":93,"column":98}},"35":{"start":{"line":97,"column":31},"end":{"line":102,"column":18}},"36":{"start":{"line":104,"column":8},"end":{"line":109,"column":9}},"37":{"start":{"line":105,"column":12},"end":{"line":108,"column":14}},"38":{"start":{"line":112,"column":27},"end":{"line":117,"column":10}},"39":{"start":{"line":120,"column":8},"end":{"line":126,"column":11}},"40":{"start":{"line":129,"column":26},"end":{"line":129,"column":72}},"41":{"start":{"line":130,"column":27},"end":{"line":130,"column":43}},"42":{"start":{"line":131,"column":27},"end":{"line":131,"column":94}},"43":{"start":{"line":134,"column":8},"end":{"line":136,"column":10}},"44":{"start":{"line":135,"column":23},"end":{"line":135,"column":79}},"45":{"start":{"line":138,"column":8},"end":{"line":142,"column":10}},"46":{"start":{"line":144,"column":8},"end":{"line":144,"column":62}},"47":{"start":{"line":145,"column":8},"end":{"line":145,"column":72}},"48":{"start":{"line":153,"column":0},"end":{"line":243,"column":3}},"49":{"start":{"line":154,"column":4},"end":{"line":242,"column":5}},"50":{"start":{"line":155,"column":8},"end":{"line":157,"column":9}},"51":{"start":{"line":156,"column":12},"end":{"line":156,"column":98}},"52":{"start":{"line":159,"column":38},"end":{"line":159,"column":42}},"53":{"start":{"line":160,"column":23},"end":{"line":160,"column":39}},"54":{"start":{"line":162,"column":27},"end":{"line":162,"column":85}},"55":{"start":{"line":164,"column":8},"end":{"line":166,"column":9}},"56":{"start":{"line":165,"column":12},"end":{"line":165,"column":90}},"57":{"start":{"line":168,"column":28},"end":{"line":168,"column":45}},"58":{"start":{"line":174,"column":28},"end":{"line":174,"column":53}},"59":{"start":{"line":175,"column":25},"end":{"line":175,"column":52}},"60":{"start":{"line":177,"column":8},"end":{"line":179,"column":9}},"61":{"start":{"line":178,"column":12},"end":{"line":178,"column":88}},"62":{"start":{"line":182,"column":8},"end":{"line":187,"column":9}},"63":{"start":{"line":183,"column":12},"end":{"line":186,"column":14}},"64":{"start":{"line":189,"column":8},"end":{"line":225,"column":9}},"65":{"start":{"line":191,"column":26},"end":{"line":191,"column":36}},"66":{"start":{"line":193,"column":12},"end":{"line":198,"column":14}},"67":{"start":{"line":200,"column":12},"end":{"line":205,"column":14}},"68":{"start":{"line":207,"column":12},"end":{"line":209,"column":15}},"69":{"start":{"line":211,"column":12},"end":{"line":211,"column":33}},"70":{"start":{"line":214,"column":12},"end":{"line":220,"column":15}},"71":{"start":{"line":222,"column":12},"end":{"line":224,"column":15}},"72":{"start":{"line":228,"column":22},"end":{"line":228,"column":47}},"73":{"start":{"line":229,"column":8},"end":{"line":233,"column":9}},"74":{"start":{"line":230,"column":12},"end":{"line":230,"column":48}},"75":{"start":{"line":231,"column":15},"end":{"line":233,"column":9}},"76":{"start":{"line":232,"column":12},"end":{"line":232,"column":48}},"77":{"start":{"line":235,"column":8},"end":{"line":238,"column":10}},"78":{"start":{"line":240,"column":8},"end":{"line":240,"column":68}},"79":{"start":{"line":241,"column":8},"end":{"line":241,"column":72}},"80":{"start":{"line":249,"column":0},"end":{"line":337,"column":3}},"81":{"start":{"line":250,"column":4},"end":{"line":336,"column":5}},"82":{"start":{"line":251,"column":8},"end":{"line":253,"column":9}},"83":{"start":{"line":252,"column":12},"end":{"line":252,"column":98}},"84":{"start":{"line":255,"column":23},"end":{"line":255,"column":39}},"85":{"start":{"line":258,"column":32},"end":{"line":262,"column":18}},"86":{"start":{"line":264,"column":26},"end":{"line":264,"column":67}},"87":{"start":{"line":264,"column":60},"end":{"line":264,"column":66}},"88":{"start":{"line":267,"column":24},"end":{"line":267,"column":26}},"89":{"start":{"line":268,"column":8},"end":{"line":278,"column":9}},"90":{"start":{"line":269,"column":30},"end":{"line":269,"column":78}},"91":{"start":{"line":270,"column":12},"end":{"line":277,"column":13}},"92":{"start":{"line":271,"column":33},"end":{"line":271,"column":49}},"93":{"start":{"line":272,"column":16},"end":{"line":276,"column":19}},"94":{"start":{"line":281,"column":41},"end":{"line":285,"column":18}},"95":{"start":{"line":287,"column":33},"end":{"line":287,"column":35}},"96":{"start":{"line":288,"column":8},"end":{"line":301,"column":9}},"97":{"start":{"line":289,"column":28},"end":{"line":289,"column":38}},"98":{"start":{"line":290,"column":32},"end":{"line":290,"column":84}},"99":{"start":{"line":291,"column":12},"end":{"line":300,"column":13}},"100":{"start":{"line":292,"column":33},"end":{"line":292,"column":51}},"101":{"start":{"line":293,"column":16},"end":{"line":299,"column":19}},"102":{"start":{"line":304,"column":41},"end":{"line":308,"column":18}},"103":{"start":{"line":310,"column":33},"end":{"line":310,"column":35}},"104":{"start":{"line":311,"column":8},"end":{"line":325,"column":9}},"105":{"start":{"line":312,"column":28},"end":{"line":312,"column":38}},"106":{"start":{"line":313,"column":30},"end":{"line":313,"column":80}},"107":{"start":{"line":314,"column":12},"end":{"line":324,"column":13}},"108":{"start":{"line":315,"column":33},"end":{"line":315,"column":49}},"109":{"start":{"line":316,"column":34},"end":{"line":316,"column":75}},"110":{"start":{"line":317,"column":16},"end":{"line":323,"column":19}},"111":{"start":{"line":327,"column":8},"end":{"line":332,"column":10}},"112":{"start":{"line":334,"column":8},"end":{"line":334,"column":55}},"113":{"start":{"line":335,"column":8},"end":{"line":335,"column":72}},"114":{"start":{"line":343,"column":0},"end":{"line":368,"column":3}},"115":{"start":{"line":344,"column":4},"end":{"line":367,"column":5}},"116":{"start":{"line":345,"column":8},"end":{"line":347,"column":9}},"117":{"start":{"line":346,"column":12},"end":{"line":346,"column":98}},"118":{"start":{"line":349,"column":29},"end":{"line":349,"column":33}},"119":{"start":{"line":350,"column":23},"end":{"line":350,"column":39}},"120":{"start":{"line":353,"column":22},"end":{"line":353,"column":32}},"121":{"start":{"line":355,"column":8},"end":{"line":355,"column":93}},"122":{"start":{"line":356,"column":8},"end":{"line":356,"column":93}},"123":{"start":{"line":358,"column":8},"end":{"line":358,"column":29}},"124":{"start":{"line":360,"column":8},"end":{"line":363,"column":10}},"125":{"start":{"line":365,"column":8},"end":{"line":365,"column":55}},"126":{"start":{"line":366,"column":8},"end":{"line":366,"column":72}},"127":{"start":{"line":374,"column":0},"end":{"line":463,"column":3}},"128":{"start":{"line":375,"column":4},"end":{"line":462,"column":5}},"129":{"start":{"line":376,"column":8},"end":{"line":378,"column":9}},"130":{"start":{"line":377,"column":12},"end":{"line":377,"column":98}},"131":{"start":{"line":380,"column":26},"end":{"line":380,"column":30}},"132":{"start":{"line":381,"column":23},"end":{"line":381,"column":39}},"133":{"start":{"line":383,"column":8},"end":{"line":388,"column":9}},"134":{"start":{"line":384,"column":12},"end":{"line":387,"column":14}},"135":{"start":{"line":390,"column":28},"end":{"line":390,"column":54}},"136":{"start":{"line":394,"column":30},"end":{"line":394,"column":75}},"137":{"start":{"line":396,"column":29},"end":{"line":396,"column":31}},"138":{"start":{"line":398,"column":8},"end":{"line":449,"column":9}},"139":{"start":{"line":399,"column":29},"end":{"line":399,"column":39}},"140":{"start":{"line":400,"column":24},"end":{"line":400,"column":30}},"141":{"start":{"line":403,"column":12},"end":{"line":403,"column":41}},"142":{"start":{"line":403,"column":32},"end":{"line":403,"column":41}},"143":{"start":{"line":406,"column":30},"end":{"line":411,"column":22}},"144":{"start":{"line":413,"column":12},"end":{"line":413,"column":43}},"145":{"start":{"line":413,"column":34},"end":{"line":413,"column":43}},"146":{"start":{"line":416,"column":32},"end":{"line":422,"column":22}},"147":{"start":{"line":424,"column":36},"end":{"line":430,"column":22}},"148":{"start":{"line":432,"column":38},"end":{"line":432,"column":82}},"149":{"start":{"line":435,"column":32},"end":{"line":435,"column":74}},"150":{"start":{"line":436,"column":26},"end":{"line":436,"column":62}},"151":{"start":{"line":438,"column":31},"end":{"line":438,"column":83}},"152":{"start":{"line":440,"column":12},"end":{"line":448,"column":13}},"153":{"start":{"line":441,"column":16},"end":{"line":447,"column":19}},"154":{"start":{"line":452,"column":8},"end":{"line":452,"column":65}},"155":{"start":{"line":452,"column":36},"end":{"line":452,"column":63}},"156":{"start":{"line":453,"column":27},"end":{"line":453,"column":51}},"157":{"start":{"line":455,"column":8},"end":{"line":458,"column":10}},"158":{"start":{"line":460,"column":8},"end":{"line":460,"column":55}},"159":{"start":{"line":461,"column":8},"end":{"line":461,"column":72}},"160":{"start":{"line":470,"column":16},"end":{"line":470,"column":17}},"161":{"start":{"line":473,"column":4},"end":{"line":475,"column":5}},"162":{"start":{"line":474,"column":8},"end":{"line":474,"column":19}},"163":{"start":{"line":478,"column":4},"end":{"line":480,"column":5}},"164":{"start":{"line":479,"column":8},"end":{"line":479,"column":20}},"165":{"start":{"line":481,"column":4},"end":{"line":483,"column":5}},"166":{"start":{"line":482,"column":8},"end":{"line":482,"column":20}},"167":{"start":{"line":486,"column":4},"end":{"line":488,"column":5}},"168":{"start":{"line":487,"column":8},"end":{"line":487,"column":20}},"169":{"start":{"line":489,"column":4},"end":{"line":491,"column":5}},"170":{"start":{"line":490,"column":8},"end":{"line":490,"column":20}},"171":{"start":{"line":494,"column":29},"end":{"line":494,"column":59}},"172":{"start":{"line":495,"column":23},"end":{"line":495,"column":47}},"173":{"start":{"line":497,"column":4},"end":{"line":497,"column":52}},"174":{"start":{"line":499,"column":4},"end":{"line":499,"column":17}},"175":{"start":{"line":506,"column":21},"end":{"line":506,"column":22}},"176":{"start":{"line":507,"column":16},"end":{"line":507,"column":17}},"177":{"start":{"line":509,"column":4},"end":{"line":514,"column":5}},"178":{"start":{"line":509,"column":17},"end":{"line":509,"column":18}},"179":{"start":{"line":510,"column":8},"end":{"line":513,"column":9}},"180":{"start":{"line":511,"column":12},"end":{"line":511,"column":23}},"181":{"start":{"line":512,"column":12},"end":{"line":512,"column":25}},"182":{"start":{"line":517,"column":4},"end":{"line":519,"column":5}},"183":{"start":{"line":518,"column":8},"end":{"line":518,"column":21}},"184":{"start":{"line":521,"column":4},"end":{"line":521,"column":13}}},"fnMap":{"0":{"name":"formatDisplayName","decl":{"start":{"line":17,"column":9},"end":{"line":17,"column":26}},"loc":{"start":{"line":17,"column":55},"end":{"line":25,"column":1}},"line":17},"1":{"name":"(anonymous_1)","decl":{"start":{"line":32,"column":51},"end":{"line":32,"column":52}},"loc":{"start":{"line":32,"column":76},"end":{"line":147,"column":1}},"line":32},"2":{"name":"(anonymous_2)","decl":{"start":{"line":135,"column":12},"end":{"line":135,"column":13}},"loc":{"start":{"line":135,"column":23},"end":{"line":135,"column":79}},"line":135},"3":{"name":"(anonymous_3)","decl":{"start":{"line":153,"column":56},"end":{"line":153,"column":57}},"loc":{"start":{"line":153,"column":81},"end":{"line":243,"column":1}},"line":153},"4":{"name":"(anonymous_4)","decl":{"start":{"line":249,"column":44},"end":{"line":249,"column":45}},"loc":{"start":{"line":249,"column":69},"end":{"line":337,"column":1}},"line":249},"5":{"name":"(anonymous_5)","decl":{"start":{"line":264,"column":51},"end":{"line":264,"column":52}},"loc":{"start":{"line":264,"column":60},"end":{"line":264,"column":66}},"line":264},"6":{"name":"(anonymous_6)","decl":{"start":{"line":343,"column":46},"end":{"line":343,"column":47}},"loc":{"start":{"line":343,"column":71},"end":{"line":368,"column":1}},"line":343},"7":{"name":"(anonymous_7)","decl":{"start":{"line":374,"column":45},"end":{"line":374,"column":46}},"loc":{"start":{"line":374,"column":70},"end":{"line":463,"column":1}},"line":374},"8":{"name":"(anonymous_8)","decl":{"start":{"line":452,"column":26},"end":{"line":452,"column":27}},"loc":{"start":{"line":452,"column":36},"end":{"line":452,"column":63}},"line":452},"9":{"name":"calculateMatchScore","decl":{"start":{"line":469,"column":9},"end":{"line":469,"column":28}},"loc":{"start":{"line":469,"column":56},"end":{"line":500,"column":1}},"line":469},"10":{"name":"fuzzyScore","decl":{"start":{"line":505,"column":9},"end":{"line":505,"column":19}},"loc":{"start":{"line":505,"column":33},"end":{"line":522,"column":1}},"line":505}},"branchMap":{"0":{"loc":{"start":{"line":18,"column":4},"end":{"line":20,"column":5}},"type":"if","locations":[{"start":{"line":18,"column":4},"end":{"line":20,"column":5}},{"start":{},"end":{}}],"line":18},"1":{"loc":{"start":{"line":21,"column":4},"end":{"line":23,"column":5}},"type":"if","locations":[{"start":{"line":21,"column":4},"end":{"line":23,"column":5}},{"start":{},"end":{}}],"line":21},"2":{"loc":{"start":{"line":34,"column":8},"end":{"line":36,"column":9}},"type":"if","locations":[{"start":{"line":34,"column":8},"end":{"line":36,"column":9}},{"start":{},"end":{}}],"line":34},"3":{"loc":{"start":{"line":41,"column":8},"end":{"line":46,"column":9}},"type":"if","locations":[{"start":{"line":41,"column":8},"end":{"line":46,"column":9}},{"start":{},"end":{}}],"line":41},"4":{"loc":{"start":{"line":41,"column":12},"end":{"line":41,"column":31}},"type":"binary-expr","locations":[{"start":{"line":41,"column":12},"end":{"line":41,"column":21}},{"start":{"line":41,"column":25},"end":{"line":41,"column":31}}],"line":41},"5":{"loc":{"start":{"line":51,"column":8},"end":{"line":57,"column":9}},"type":"if","locations":[{"start":{"line":51,"column":8},"end":{"line":57,"column":9}},{"start":{},"end":{}}],"line":51},"6":{"loc":{"start":{"line":51,"column":12},"end":{"line":51,"column":30}},"type":"binary-expr","locations":[{"start":{"line":51,"column":12},"end":{"line":51,"column":17}},{"start":{"line":51,"column":21},"end":{"line":51,"column":30}}],"line":51},"7":{"loc":{"start":{"line":53,"column":12},"end":{"line":55,"column":13}},"type":"if","locations":[{"start":{"line":53,"column":12},"end":{"line":55,"column":13}},{"start":{},"end":{}}],"line":53},"8":{"loc":{"start":{"line":59,"column":8},"end":{"line":64,"column":9}},"type":"if","locations":[{"start":{"line":59,"column":8},"end":{"line":64,"column":9}},{"start":{},"end":{}}],"line":59},"9":{"loc":{"start":{"line":68,"column":8},"end":{"line":70,"column":9}},"type":"if","locations":[{"start":{"line":68,"column":8},"end":{"line":70,"column":9}},{"start":{},"end":{}}],"line":68},"10":{"loc":{"start":{"line":80,"column":8},"end":{"line":82,"column":9}},"type":"if","locations":[{"start":{"line":80,"column":8},"end":{"line":82,"column":9}},{"start":{},"end":{}}],"line":80},"11":{"loc":{"start":{"line":92,"column":8},"end":{"line":94,"column":9}},"type":"if","locations":[{"start":{"line":92,"column":8},"end":{"line":94,"column":9}},{"start":{},"end":{}}],"line":92},"12":{"loc":{"start":{"line":104,"column":8},"end":{"line":109,"column":9}},"type":"if","locations":[{"start":{"line":104,"column":8},"end":{"line":109,"column":9}},{"start":{},"end":{}}],"line":104},"13":{"loc":{"start":{"line":155,"column":8},"end":{"line":157,"column":9}},"type":"if","locations":[{"start":{"line":155,"column":8},"end":{"line":157,"column":9}},{"start":{},"end":{}}],"line":155},"14":{"loc":{"start":{"line":164,"column":8},"end":{"line":166,"column":9}},"type":"if","locations":[{"start":{"line":164,"column":8},"end":{"line":166,"column":9}},{"start":{},"end":{}}],"line":164},"15":{"loc":{"start":{"line":177,"column":8},"end":{"line":179,"column":9}},"type":"if","locations":[{"start":{"line":177,"column":8},"end":{"line":179,"column":9}},{"start":{},"end":{}}],"line":177},"16":{"loc":{"start":{"line":177,"column":12},"end":{"line":177,"column":37}},"type":"binary-expr","locations":[{"start":{"line":177,"column":12},"end":{"line":177,"column":24}},{"start":{"line":177,"column":28},"end":{"line":177,"column":37}}],"line":177},"17":{"loc":{"start":{"line":182,"column":8},"end":{"line":187,"column":9}},"type":"if","locations":[{"start":{"line":182,"column":8},"end":{"line":187,"column":9}},{"start":{},"end":{}}],"line":182},"18":{"loc":{"start":{"line":182,"column":12},"end":{"line":182,"column":34}},"type":"binary-expr","locations":[{"start":{"line":182,"column":12},"end":{"line":182,"column":18}},{"start":{"line":182,"column":22},"end":{"line":182,"column":34}}],"line":182},"19":{"loc":{"start":{"line":189,"column":8},"end":{"line":225,"column":9}},"type":"if","locations":[{"start":{"line":189,"column":8},"end":{"line":225,"column":9}},{"start":{"line":221,"column":15},"end":{"line":225,"column":9}}],"line":189},"20":{"loc":{"start":{"line":229,"column":8},"end":{"line":233,"column":9}},"type":"if","locations":[{"start":{"line":229,"column":8},"end":{"line":233,"column":9}},{"start":{"line":231,"column":15},"end":{"line":233,"column":9}}],"line":229},"21":{"loc":{"start":{"line":231,"column":15},"end":{"line":233,"column":9}},"type":"if","locations":[{"start":{"line":231,"column":15},"end":{"line":233,"column":9}},{"start":{},"end":{}}],"line":231},"22":{"loc":{"start":{"line":251,"column":8},"end":{"line":253,"column":9}},"type":"if","locations":[{"start":{"line":251,"column":8},"end":{"line":253,"column":9}},{"start":{},"end":{}}],"line":251},"23":{"loc":{"start":{"line":270,"column":12},"end":{"line":277,"column":13}},"type":"if","locations":[{"start":{"line":270,"column":12},"end":{"line":277,"column":13}},{"start":{},"end":{}}],"line":270},"24":{"loc":{"start":{"line":275,"column":31},"end":{"line":275,"column":72}},"type":"binary-expr","locations":[{"start":{"line":275,"column":31},"end":{"line":275,"column":59}},{"start":{"line":275,"column":63},"end":{"line":275,"column":72}}],"line":275},"25":{"loc":{"start":{"line":291,"column":12},"end":{"line":300,"column":13}},"type":"if","locations":[{"start":{"line":291,"column":12},"end":{"line":300,"column":13}},{"start":{},"end":{}}],"line":291},"26":{"loc":{"start":{"line":297,"column":31},"end":{"line":297,"column":72}},"type":"binary-expr","locations":[{"start":{"line":297,"column":31},"end":{"line":297,"column":59}},{"start":{"line":297,"column":63},"end":{"line":297,"column":72}}],"line":297},"27":{"loc":{"start":{"line":314,"column":12},"end":{"line":324,"column":13}},"type":"if","locations":[{"start":{"line":314,"column":12},"end":{"line":324,"column":13}},{"start":{},"end":{}}],"line":314},"28":{"loc":{"start":{"line":316,"column":34},"end":{"line":316,"column":75}},"type":"binary-expr","locations":[{"start":{"line":316,"column":34},"end":{"line":316,"column":62}},{"start":{"line":316,"column":66},"end":{"line":316,"column":75}}],"line":316},"29":{"loc":{"start":{"line":345,"column":8},"end":{"line":347,"column":9}},"type":"if","locations":[{"start":{"line":345,"column":8},"end":{"line":347,"column":9}},{"start":{},"end":{}}],"line":345},"30":{"loc":{"start":{"line":376,"column":8},"end":{"line":378,"column":9}},"type":"if","locations":[{"start":{"line":376,"column":8},"end":{"line":378,"column":9}},{"start":{},"end":{}}],"line":376},"31":{"loc":{"start":{"line":383,"column":8},"end":{"line":388,"column":9}},"type":"if","locations":[{"start":{"line":383,"column":8},"end":{"line":388,"column":9}},{"start":{},"end":{}}],"line":383},"32":{"loc":{"start":{"line":383,"column":12},"end":{"line":383,"column":45}},"type":"binary-expr","locations":[{"start":{"line":383,"column":12},"end":{"line":383,"column":18}},{"start":{"line":383,"column":22},"end":{"line":383,"column":45}}],"line":383},"33":{"loc":{"start":{"line":403,"column":12},"end":{"line":403,"column":41}},"type":"if","locations":[{"start":{"line":403,"column":12},"end":{"line":403,"column":41}},{"start":{},"end":{}}],"line":403},"34":{"loc":{"start":{"line":413,"column":12},"end":{"line":413,"column":43}},"type":"if","locations":[{"start":{"line":413,"column":12},"end":{"line":413,"column":43}},{"start":{},"end":{}}],"line":413},"35":{"loc":{"start":{"line":432,"column":38},"end":{"line":432,"column":82}},"type":"binary-expr","locations":[{"start":{"line":432,"column":38},"end":{"line":432,"column":56}},{"start":{"line":432,"column":60},"end":{"line":432,"column":82}}],"line":432},"36":{"loc":{"start":{"line":435,"column":33},"end":{"line":435,"column":59}},"type":"binary-expr","locations":[{"start":{"line":435,"column":33},"end":{"line":435,"column":53}},{"start":{"line":435,"column":57},"end":{"line":435,"column":59}}],"line":435},"37":{"loc":{"start":{"line":436,"column":27},"end":{"line":436,"column":47}},"type":"binary-expr","locations":[{"start":{"line":436,"column":27},"end":{"line":436,"column":41}},{"start":{"line":436,"column":45},"end":{"line":436,"column":47}}],"line":436},"38":{"loc":{"start":{"line":440,"column":12},"end":{"line":448,"column":13}},"type":"if","locations":[{"start":{"line":440,"column":12},"end":{"line":448,"column":13}},{"start":{},"end":{}}],"line":440},"39":{"loc":{"start":{"line":444,"column":31},"end":{"line":444,"column":72}},"type":"binary-expr","locations":[{"start":{"line":444,"column":31},"end":{"line":444,"column":59}},{"start":{"line":444,"column":63},"end":{"line":444,"column":72}}],"line":444},"40":{"loc":{"start":{"line":473,"column":4},"end":{"line":475,"column":5}},"type":"if","locations":[{"start":{"line":473,"column":4},"end":{"line":475,"column":5}},{"start":{},"end":{}}],"line":473},"41":{"loc":{"start":{"line":473,"column":8},"end":{"line":473,"column":48}},"type":"binary-expr","locations":[{"start":{"line":473,"column":8},"end":{"line":473,"column":29}},{"start":{"line":473,"column":33},"end":{"line":473,"column":48}}],"line":473},"42":{"loc":{"start":{"line":478,"column":4},"end":{"line":480,"column":5}},"type":"if","locations":[{"start":{"line":478,"column":4},"end":{"line":480,"column":5}},{"start":{},"end":{}}],"line":478},"43":{"loc":{"start":{"line":481,"column":4},"end":{"line":483,"column":5}},"type":"if","locations":[{"start":{"line":481,"column":4},"end":{"line":483,"column":5}},{"start":{},"end":{}}],"line":481},"44":{"loc":{"start":{"line":486,"column":4},"end":{"line":488,"column":5}},"type":"if","locations":[{"start":{"line":486,"column":4},"end":{"line":488,"column":5}},{"start":{},"end":{}}],"line":486},"45":{"loc":{"start":{"line":489,"column":4},"end":{"line":491,"column":5}},"type":"if","locations":[{"start":{"line":489,"column":4},"end":{"line":491,"column":5}},{"start":{},"end":{}}],"line":489},"46":{"loc":{"start":{"line":509,"column":20},"end":{"line":509,"column":64}},"type":"binary-expr","locations":[{"start":{"line":509,"column":20},"end":{"line":509,"column":35}},{"start":{"line":509,"column":39},"end":{"line":509,"column":64}}],"line":509},"47":{"loc":{"start":{"line":510,"column":8},"end":{"line":513,"column":9}},"type":"if","locations":[{"start":{"line":510,"column":8},"end":{"line":513,"column":9}},{"start":{},"end":{}}],"line":510},"48":{"loc":{"start":{"line":517,"column":4},"end":{"line":519,"column":5}},"type":"if","locations":[{"start":{"line":517,"column":4},"end":{"line":519,"column":5}},{"start":{},"end":{}}],"line":517}},"s":{"0":0,"1":0,"2":0,"3":0,"4":0,"5":0,"6":0,"7":0,"8":0,"9":0,"10":0,"11":0,"12":0,"13":0,"14":0,"15":0,"16":0,"17":0,"18":0,"19":0,"20":0,"21":0,"22":0,"23":0,"24":0,"25":0,"26":0,"27":0,"28":0,"29":0,"30":0,"31":0,"32":0,"33":0,"34":0,"35":0,"36":0,"37":0,"38":0,"39":0,"40":0,"41":0,"42":0,"43":0,"44":0,"45":0,"46":0,"47":0,"48":0,"49":0,"50":0,"51":0,"52":0,"53":0,"54":0,"55":0,"56":0,"57":0,"58":0,"59":0,"60":0,"61":0,"62":0,"63":0,"64":0,"65":0,"66":0,"67":0,"68":0,"69":0,"70":0,"71":0,"72":0,"73":0,"74":0,"75":0,"76":0,"77":0,"78":0,"79":0,"80":0,"81":0,"82":0,"83":0,"84":0,"85":0,"86":0,"87":0,"88":0,"89":0,"90":0,"91":0,"92":0,"93":0,"94":0,"95":0,"96":0,"97":0,"98":0,"99":0,"100":0,"101":0,"102":0,"103":0,"104":0,"105":0,"106":0,"107":0,"108":0,"109":0,"110":0,"111":0,"112":0,"113":0,"114":0,"115":0,"116":0,"117":0,"118":0,"119":0,"120":0,"121":0,"122":0,"123":0,"124":0,"125":0,"126":0,"127":0,"128":0,"129":0,"130":0,"131":0,"132":0,"133":0,"134":0,"135":0,"136":0,"137":0,"138":0,"139":0,"140":0,"141":0,"142":0,"143":0,"144":0,"145":0,"146":0,"147":0,"148":0,"149":0,"150":0,"151":0,"152":0,"153":0,"154":0,"155":0,"156":0,"157":0,"158":0,"159":0,"160":0,"161":0,"162":0,"163":0,"164":0,"165":0,"166":0,"167":0,"168":0,"169":0,"170":0,"171":0,"172":0,"173":0,"174":0,"175":0,"176":0,"177":0,"178":0,"179":0,"180":0,"181":0,"182":0,"183":0,"184":0},"f":{"0":0,"1":0,"2":0,"3":0,"4":0,"5":0,"6":0,"7":0,"8":0,"9":0,"10":0},"b":{"0":[0,0],"1":[0,0],"2":[0,0],"3":[0,0],"4":[0,0],"5":[0,0],"6":[0,0],"7":[0,0],"8":[0,0],"9":[0,0],"10":[0,0],"11":[0,0],"12":[0,0],"13":[0,0],"14":[0,0],"15":[0,0],"16":[0,0],"17":[0,0],"18":[0,0],"19":[0,0],"20":[0,0],"21":[0,0],"22":[0,0],"23":[0,0],"24":[0,0],"25":[0,0],"26":[0,0],"27":[0,0],"28":[0,0],"29":[0,0],"30":[0,0],"31":[0,0],"32":[0,0],"33":[0,0],"34":[0,0],"35":[0,0],"36":[0,0],"37":[0,0],"38":[0,0],"39":[0,0],"40":[0,0],"41":[0,0],"42":[0,0],"43":[0,0],"44":[0,0],"45":[0,0],"46":[0,0],"47":[0,0],"48":[0,0]}}
,"/Users/josiah.buxton/Documents/personal/coral_clash/functions/routes/pvpGame.js": {"path":"/Users/josiah.buxton/Documents/personal/coral_clash/functions/routes/pvpGame.js","statementMap":{"0":{"start":{"line":1,"column":18},"end":{"line":1,"column":50}},"1":{"start":{"line":2,"column":14},"end":{"line":2,"column":39}},"2":{"start":{"line":3,"column":60},"end":{"line":3,"column":87}},"3":{"start":{"line":4,"column":40},"end":{"line":4,"column":73}},"4":{"start":{"line":8,"column":4},"end":{"line":8,"column":37}},"5":{"start":{"line":10,"column":11},"end":{"line":10,"column":28}},"6":{"start":{"line":19,"column":4},"end":{"line":21,"column":5}},"7":{"start":{"line":20,"column":8},"end":{"line":20,"column":22}},"8":{"start":{"line":22,"column":4},"end":{"line":24,"column":5}},"9":{"start":{"line":23,"column":8},"end":{"line":23,"column":27}},"10":{"start":{"line":25,"column":4},"end":{"line":25,"column":46}},"11":{"start":{"line":32,"column":0},"end":{"line":98,"column":3}},"12":{"start":{"line":33,"column":4},"end":{"line":97,"column":5}},"13":{"start":{"line":34,"column":8},"end":{"line":36,"column":9}},"14":{"start":{"line":35,"column":12},"end":{"line":35,"column":98}},"15":{"start":{"line":38,"column":44},"end":{"line":38,"column":48}},"16":{"start":{"line":39,"column":26},"end":{"line":39,"column":42}},"17":{"start":{"line":42,"column":28},"end":{"line":42,"column":78}},"18":{"start":{"line":43,"column":8},"end":{"line":45,"column":9}},"19":{"start":{"line":44,"column":12},"end":{"line":44,"column":84}},"20":{"start":{"line":48,"column":25},"end":{"line":58,"column":9}},"21":{"start":{"line":60,"column":24},"end":{"line":60,"column":66}},"22":{"start":{"line":63,"column":8},"end":{"line":70,"column":11}},"23":{"start":{"line":73,"column":27},"end":{"line":73,"column":76}},"24":{"start":{"line":74,"column":28},"end":{"line":74,"column":45}},"25":{"start":{"line":75,"column":28},"end":{"line":75,"column":97}},"26":{"start":{"line":78,"column":29},"end":{"line":78,"column":47}},"27":{"start":{"line":81,"column":8},"end":{"line":87,"column":85}},"28":{"start":{"line":87,"column":27},"end":{"line":87,"column":83}},"29":{"start":{"line":89,"column":8},"end":{"line":93,"column":10}},"30":{"start":{"line":95,"column":8},"end":{"line":95,"column":57}},"31":{"start":{"line":96,"column":8},"end":{"line":96,"column":72}},"32":{"start":{"line":104,"column":0},"end":{"line":159,"column":3}},"33":{"start":{"line":105,"column":4},"end":{"line":158,"column":5}},"34":{"start":{"line":106,"column":8},"end":{"line":108,"column":9}},"35":{"start":{"line":107,"column":12},"end":{"line":107,"column":98}},"36":{"start":{"line":110,"column":35},"end":{"line":110,"column":39}},"37":{"start":{"line":111,"column":23},"end":{"line":111,"column":39}},"38":{"start":{"line":113,"column":24},"end":{"line":113,"column":70}},"39":{"start":{"line":115,"column":8},"end":{"line":117,"column":9}},"40":{"start":{"line":116,"column":12},"end":{"line":116,"column":80}},"41":{"start":{"line":119,"column":25},"end":{"line":119,"column":39}},"42":{"start":{"line":122,"column":8},"end":{"line":124,"column":9}},"43":{"start":{"line":123,"column":12},"end":{"line":123,"column":88}},"44":{"start":{"line":127,"column":8},"end":{"line":133,"column":15}},"45":{"start":{"line":136,"column":8},"end":{"line":148,"column":9}},"46":{"start":{"line":137,"column":32},"end":{"line":137,"column":78}},"47":{"start":{"line":138,"column":33},"end":{"line":138,"column":51}},"48":{"start":{"line":139,"column":33},"end":{"line":142,"column":13}},"49":{"start":{"line":145,"column":12},"end":{"line":147,"column":14}},"50":{"start":{"line":146,"column":27},"end":{"line":146,"column":83}},"51":{"start":{"line":150,"column":8},"end":{"line":154,"column":10}},"52":{"start":{"line":156,"column":8},"end":{"line":156,"column":65}},"53":{"start":{"line":157,"column":8},"end":{"line":157,"column":72}},"54":{"start":{"line":166,"column":0},"end":{"line":324,"column":3}},"55":{"start":{"line":167,"column":4},"end":{"line":323,"column":5}},"56":{"start":{"line":168,"column":8},"end":{"line":170,"column":9}},"57":{"start":{"line":169,"column":12},"end":{"line":169,"column":98}},"58":{"start":{"line":172,"column":33},"end":{"line":172,"column":37}},"59":{"start":{"line":173,"column":23},"end":{"line":173,"column":39}},"60":{"start":{"line":175,"column":24},"end":{"line":175,"column":70}},"61":{"start":{"line":177,"column":8},"end":{"line":179,"column":9}},"62":{"start":{"line":178,"column":12},"end":{"line":178,"column":80}},"63":{"start":{"line":181,"column":25},"end":{"line":181,"column":39}},"64":{"start":{"line":184,"column":8},"end":{"line":186,"column":9}},"65":{"start":{"line":185,"column":12},"end":{"line":185,"column":87}},"66":{"start":{"line":189,"column":8},"end":{"line":191,"column":9}},"67":{"start":{"line":190,"column":12},"end":{"line":190,"column":99}},"68":{"start":{"line":194,"column":27},"end":{"line":194,"column":66}},"69":{"start":{"line":195,"column":27},"end":{"line":195,"column":57}},"70":{"start":{"line":197,"column":8},"end":{"line":202,"column":9}},"71":{"start":{"line":198,"column":12},"end":{"line":201,"column":14}},"72":{"start":{"line":205,"column":22},"end":{"line":205,"column":42}},"73":{"start":{"line":206,"column":8},"end":{"line":210,"column":11}},"74":{"start":{"line":213,"column":25},"end":{"line":217,"column":34}},"75":{"start":{"line":220,"column":27},"end":{"line":220,"column":59}},"76":{"start":{"line":223,"column":27},"end":{"line":229,"column":9}},"77":{"start":{"line":231,"column":8},"end":{"line":236,"column":9}},"78":{"start":{"line":232,"column":12},"end":{"line":232,"column":44}},"79":{"start":{"line":233,"column":12},"end":{"line":233,"column":50}},"80":{"start":{"line":234,"column":12},"end":{"line":234,"column":56}},"81":{"start":{"line":235,"column":12},"end":{"line":235,"column":58}},"82":{"start":{"line":238,"column":8},"end":{"line":238,"column":68}},"83":{"start":{"line":241,"column":8},"end":{"line":250,"column":9}},"84":{"start":{"line":242,"column":12},"end":{"line":249,"column":15}},"85":{"start":{"line":253,"column":8},"end":{"line":311,"column":9}},"86":{"start":{"line":254,"column":12},"end":{"line":261,"column":15}},"87":{"start":{"line":262,"column":12},"end":{"line":269,"column":15}},"88":{"start":{"line":272,"column":12},"end":{"line":310,"column":13}},"89":{"start":{"line":274,"column":20},"end":{"line":274,"column":88}},"90":{"start":{"line":276,"column":20},"end":{"line":276,"column":88}},"91":{"start":{"line":278,"column":16},"end":{"line":284,"column":23}},"92":{"start":{"line":286,"column":16},"end":{"line":292,"column":23}},"93":{"start":{"line":295,"column":16},"end":{"line":301,"column":23}},"94":{"start":{"line":303,"column":16},"end":{"line":309,"column":23}},"95":{"start":{"line":313,"column":8},"end":{"line":319,"column":10}},"96":{"start":{"line":321,"column":8},"end":{"line":321,"column":51}},"97":{"start":{"line":322,"column":8},"end":{"line":322,"column":72}},"98":{"start":{"line":330,"column":0},"end":{"line":408,"column":3}},"99":{"start":{"line":331,"column":4},"end":{"line":407,"column":5}},"100":{"start":{"line":332,"column":8},"end":{"line":334,"column":9}},"101":{"start":{"line":333,"column":12},"end":{"line":333,"column":98}},"102":{"start":{"line":336,"column":23},"end":{"line":336,"column":39}},"103":{"start":{"line":339,"column":29},"end":{"line":345,"column":18}},"104":{"start":{"line":347,"column":30},"end":{"line":353,"column":18}},"105":{"start":{"line":355,"column":22},"end":{"line":355,"column":24}},"106":{"start":{"line":358,"column":8},"end":{"line":373,"column":9}},"107":{"start":{"line":359,"column":29},"end":{"line":359,"column":39}},"108":{"start":{"line":361,"column":32},"end":{"line":361,"column":91}},"109":{"start":{"line":362,"column":33},"end":{"line":362,"column":77}},"110":{"start":{"line":364,"column":12},"end":{"line":372,"column":15}},"111":{"start":{"line":376,"column":8},"end":{"line":391,"column":9}},"112":{"start":{"line":377,"column":29},"end":{"line":377,"column":39}},"113":{"start":{"line":379,"column":31},"end":{"line":379,"column":89}},"114":{"start":{"line":380,"column":32},"end":{"line":380,"column":74}},"115":{"start":{"line":382,"column":12},"end":{"line":390,"column":15}},"116":{"start":{"line":394,"column":8},"end":{"line":398,"column":11}},"117":{"start":{"line":395,"column":26},"end":{"line":395,"column":54}},"118":{"start":{"line":396,"column":26},"end":{"line":396,"column":54}},"119":{"start":{"line":397,"column":12},"end":{"line":397,"column":33}},"120":{"start":{"line":400,"column":8},"end":{"line":403,"column":10}},"121":{"start":{"line":405,"column":8},"end":{"line":405,"column":60}},"122":{"start":{"line":406,"column":8},"end":{"line":406,"column":72}},"123":{"start":{"line":414,"column":0},"end":{"line":488,"column":3}},"124":{"start":{"line":415,"column":4},"end":{"line":487,"column":5}},"125":{"start":{"line":416,"column":8},"end":{"line":418,"column":9}},"126":{"start":{"line":417,"column":12},"end":{"line":417,"column":98}},"127":{"start":{"line":420,"column":23},"end":{"line":420,"column":39}},"128":{"start":{"line":423,"column":29},"end":{"line":427,"column":18}},"129":{"start":{"line":429,"column":30},"end":{"line":433,"column":18}},"130":{"start":{"line":435,"column":22},"end":{"line":435,"column":24}},"131":{"start":{"line":438,"column":8},"end":{"line":453,"column":9}},"132":{"start":{"line":439,"column":29},"end":{"line":439,"column":39}},"133":{"start":{"line":441,"column":32},"end":{"line":441,"column":91}},"134":{"start":{"line":442,"column":33},"end":{"line":442,"column":77}},"135":{"start":{"line":444,"column":12},"end":{"line":452,"column":15}},"136":{"start":{"line":456,"column":8},"end":{"line":471,"column":9}},"137":{"start":{"line":457,"column":29},"end":{"line":457,"column":39}},"138":{"start":{"line":459,"column":31},"end":{"line":459,"column":89}},"139":{"start":{"line":460,"column":32},"end":{"line":460,"column":74}},"140":{"start":{"line":462,"column":12},"end":{"line":470,"column":15}},"141":{"start":{"line":474,"column":8},"end":{"line":478,"column":11}},"142":{"start":{"line":475,"column":26},"end":{"line":475,"column":54}},"143":{"start":{"line":476,"column":26},"end":{"line":476,"column":54}},"144":{"start":{"line":477,"column":12},"end":{"line":477,"column":33}},"145":{"start":{"line":480,"column":8},"end":{"line":483,"column":10}},"146":{"start":{"line":485,"column":8},"end":{"line":485,"column":60}},"147":{"start":{"line":486,"column":8},"end":{"line":486,"column":72}}},"fnMap":{"0":{"name":"formatDisplayName","decl":{"start":{"line":18,"column":9},"end":{"line":18,"column":26}},"loc":{"start":{"line":18,"column":55},"end":{"line":26,"column":1}},"line":18},"1":{"name":"(anonymous_1)","decl":{"start":{"line":32,"column":47},"end":{"line":32,"column":48}},"loc":{"start":{"line":32,"column":72},"end":{"line":98,"column":1}},"line":32},"2":{"name":"(anonymous_2)","decl":{"start":{"line":87,"column":16},"end":{"line":87,"column":17}},"loc":{"start":{"line":87,"column":27},"end":{"line":87,"column":83}},"line":87},"3":{"name":"(anonymous_3)","decl":{"start":{"line":104,"column":53},"end":{"line":104,"column":54}},"loc":{"start":{"line":104,"column":78},"end":{"line":159,"column":1}},"line":104},"4":{"name":"(anonymous_4)","decl":{"start":{"line":146,"column":16},"end":{"line":146,"column":17}},"loc":{"start":{"line":146,"column":27},"end":{"line":146,"column":83}},"line":146},"5":{"name":"(anonymous_5)","decl":{"start":{"line":166,"column":42},"end":{"line":166,"column":43}},"loc":{"start":{"line":166,"column":67},"end":{"line":324,"column":1}},"line":166},"6":{"name":"(anonymous_6)","decl":{"start":{"line":330,"column":48},"end":{"line":330,"column":49}},"loc":{"start":{"line":330,"column":73},"end":{"line":408,"column":1}},"line":330},"7":{"name":"(anonymous_7)","decl":{"start":{"line":394,"column":19},"end":{"line":394,"column":20}},"loc":{"start":{"line":394,"column":29},"end":{"line":398,"column":9}},"line":394},"8":{"name":"(anonymous_8)","decl":{"start":{"line":414,"column":48},"end":{"line":414,"column":49}},"loc":{"start":{"line":414,"column":73},"end":{"line":488,"column":1}},"line":414},"9":{"name":"(anonymous_9)","decl":{"start":{"line":474,"column":19},"end":{"line":474,"column":20}},"loc":{"start":{"line":474,"column":29},"end":{"line":478,"column":9}},"line":474}},"branchMap":{"0":{"loc":{"start":{"line":19,"column":4},"end":{"line":21,"column":5}},"type":"if","locations":[{"start":{"line":19,"column":4},"end":{"line":21,"column":5}},{"start":{},"end":{}}],"line":19},"1":{"loc":{"start":{"line":22,"column":4},"end":{"line":24,"column":5}},"type":"if","locations":[{"start":{"line":22,"column":4},"end":{"line":24,"column":5}},{"start":{},"end":{}}],"line":22},"2":{"loc":{"start":{"line":34,"column":8},"end":{"line":36,"column":9}},"type":"if","locations":[{"start":{"line":34,"column":8},"end":{"line":36,"column":9}},{"start":{},"end":{}}],"line":34},"3":{"loc":{"start":{"line":43,"column":8},"end":{"line":45,"column":9}},"type":"if","locations":[{"start":{"line":43,"column":8},"end":{"line":45,"column":9}},{"start":{},"end":{}}],"line":43},"4":{"loc":{"start":{"line":53,"column":25},"end":{"line":53,"column":61}},"type":"binary-expr","locations":[{"start":{"line":53,"column":25},"end":{"line":53,"column":36}},{"start":{"line":53,"column":40},"end":{"line":53,"column":61}}],"line":53},"5":{"loc":{"start":{"line":86,"column":12},"end":{"line":86,"column":56}},"type":"binary-expr","locations":[{"start":{"line":86,"column":12},"end":{"line":86,"column":43}},{"start":{"line":86,"column":47},"end":{"line":86,"column":56}}],"line":86},"6":{"loc":{"start":{"line":106,"column":8},"end":{"line":108,"column":9}},"type":"if","locations":[{"start":{"line":106,"column":8},"end":{"line":108,"column":9}},{"start":{},"end":{}}],"line":106},"7":{"loc":{"start":{"line":115,"column":8},"end":{"line":117,"column":9}},"type":"if","locations":[{"start":{"line":115,"column":8},"end":{"line":117,"column":9}},{"start":{},"end":{}}],"line":115},"8":{"loc":{"start":{"line":122,"column":8},"end":{"line":124,"column":9}},"type":"if","locations":[{"start":{"line":122,"column":8},"end":{"line":124,"column":9}},{"start":{},"end":{}}],"line":122},"9":{"loc":{"start":{"line":131,"column":24},"end":{"line":131,"column":55}},"type":"cond-expr","locations":[{"start":{"line":131,"column":33},"end":{"line":131,"column":41}},{"start":{"line":131,"column":44},"end":{"line":131,"column":55}}],"line":131},"10":{"loc":{"start":{"line":136,"column":8},"end":{"line":148,"column":9}},"type":"if","locations":[{"start":{"line":136,"column":8},"end":{"line":148,"column":9}},{"start":{},"end":{}}],"line":136},"11":{"loc":{"start":{"line":152,"column":21},"end":{"line":152,"column":62}},"type":"cond-expr","locations":[{"start":{"line":152,"column":30},"end":{"line":152,"column":44}},{"start":{"line":152,"column":47},"end":{"line":152,"column":62}}],"line":152},"12":{"loc":{"start":{"line":168,"column":8},"end":{"line":170,"column":9}},"type":"if","locations":[{"start":{"line":168,"column":8},"end":{"line":170,"column":9}},{"start":{},"end":{}}],"line":168},"13":{"loc":{"start":{"line":177,"column":8},"end":{"line":179,"column":9}},"type":"if","locations":[{"start":{"line":177,"column":8},"end":{"line":179,"column":9}},{"start":{},"end":{}}],"line":177},"14":{"loc":{"start":{"line":184,"column":8},"end":{"line":186,"column":9}},"type":"if","locations":[{"start":{"line":184,"column":8},"end":{"line":186,"column":9}},{"start":{},"end":{}}],"line":184},"15":{"loc":{"start":{"line":189,"column":8},"end":{"line":191,"column":9}},"type":"if","locations":[{"start":{"line":189,"column":8},"end":{"line":191,"column":9}},{"start":{},"end":{}}],"line":189},"16":{"loc":{"start":{"line":189,"column":12},"end":{"line":189,"column":75}},"type":"binary-expr","locations":[{"start":{"line":189,"column":12},"end":{"line":189,"column":41}},{"start":{"line":189,"column":45},"end":{"line":189,"column":75}}],"line":189},"17":{"loc":{"start":{"line":194,"column":27},"end":{"line":194,"column":66}},"type":"binary-expr","locations":[{"start":{"line":194,"column":27},"end":{"line":194,"column":50}},{"start":{"line":194,"column":54},"end":{"line":194,"column":66}}],"line":194},"18":{"loc":{"start":{"line":197,"column":8},"end":{"line":202,"column":9}},"type":"if","locations":[{"start":{"line":197,"column":8},"end":{"line":202,"column":9}},{"start":{},"end":{}}],"line":197},"19":{"loc":{"start":{"line":205,"column":22},"end":{"line":205,"column":42}},"type":"binary-expr","locations":[{"start":{"line":205,"column":22},"end":{"line":205,"column":36}},{"start":{"line":205,"column":40},"end":{"line":205,"column":42}}],"line":205},"20":{"loc":{"start":{"line":213,"column":25},"end":{"line":217,"column":34}},"type":"cond-expr","locations":[{"start":{"line":214,"column":14},"end":{"line":214,"column":18}},{"start":{"line":215,"column":14},"end":{"line":217,"column":34}}],"line":213},"21":{"loc":{"start":{"line":215,"column":14},"end":{"line":217,"column":34}},"type":"cond-expr","locations":[{"start":{"line":216,"column":16},"end":{"line":216,"column":35}},{"start":{"line":217,"column":16},"end":{"line":217,"column":34}}],"line":215},"22":{"loc":{"start":{"line":231,"column":8},"end":{"line":236,"column":9}},"type":"if","locations":[{"start":{"line":231,"column":8},"end":{"line":236,"column":9}},{"start":{},"end":{}}],"line":231},"23":{"loc":{"start":{"line":235,"column":32},"end":{"line":235,"column":57}},"type":"binary-expr","locations":[{"start":{"line":235,"column":32},"end":{"line":235,"column":49}},{"start":{"line":235,"column":53},"end":{"line":235,"column":57}}],"line":235},"24":{"loc":{"start":{"line":241,"column":8},"end":{"line":250,"column":9}},"type":"if","locations":[{"start":{"line":241,"column":8},"end":{"line":250,"column":9}},{"start":{},"end":{}}],"line":241},"25":{"loc":{"start":{"line":241,"column":12},"end":{"line":241,"column":42}},"type":"binary-expr","locations":[{"start":{"line":241,"column":12},"end":{"line":241,"column":30}},{"start":{"line":241,"column":34},"end":{"line":241,"column":42}}],"line":241},"26":{"loc":{"start":{"line":253,"column":8},"end":{"line":311,"column":9}},"type":"if","locations":[{"start":{"line":253,"column":8},"end":{"line":311,"column":9}},{"start":{},"end":{}}],"line":253},"27":{"loc":{"start":{"line":272,"column":12},"end":{"line":310,"column":13}},"type":"if","locations":[{"start":{"line":272,"column":12},"end":{"line":310,"column":13}},{"start":{"line":293,"column":19},"end":{"line":310,"column":13}}],"line":272},"28":{"loc":{"start":{"line":274,"column":20},"end":{"line":274,"column":88}},"type":"cond-expr","locations":[{"start":{"line":274,"column":48},"end":{"line":274,"column":66}},{"start":{"line":274,"column":69},"end":{"line":274,"column":88}}],"line":274},"29":{"loc":{"start":{"line":276,"column":20},"end":{"line":276,"column":88}},"type":"cond-expr","locations":[{"start":{"line":276,"column":48},"end":{"line":276,"column":67}},{"start":{"line":276,"column":70},"end":{"line":276,"column":88}}],"line":276},"30":{"loc":{"start":{"line":318,"column":20},"end":{"line":318,"column":62}},"type":"cond-expr","locations":[{"start":{"line":318,"column":40},"end":{"line":318,"column":50}},{"start":{"line":318,"column":53},"end":{"line":318,"column":62}}],"line":318},"31":{"loc":{"start":{"line":332,"column":8},"end":{"line":334,"column":9}},"type":"if","locations":[{"start":{"line":332,"column":8},"end":{"line":334,"column":9}},{"start":{},"end":{}}],"line":332},"32":{"loc":{"start":{"line":362,"column":33},"end":{"line":362,"column":77}},"type":"cond-expr","locations":[{"start":{"line":362,"column":54},"end":{"line":362,"column":72}},{"start":{"line":362,"column":75},"end":{"line":362,"column":77}}],"line":362},"33":{"loc":{"start":{"line":371,"column":35},"end":{"line":371,"column":80}},"type":"binary-expr","locations":[{"start":{"line":371,"column":35},"end":{"line":371,"column":67}},{"start":{"line":371,"column":71},"end":{"line":371,"column":80}}],"line":371},"34":{"loc":{"start":{"line":380,"column":32},"end":{"line":380,"column":74}},"type":"cond-expr","locations":[{"start":{"line":380,"column":52},"end":{"line":380,"column":69}},{"start":{"line":380,"column":72},"end":{"line":380,"column":74}}],"line":380},"35":{"loc":{"start":{"line":389,"column":35},"end":{"line":389,"column":79}},"type":"binary-expr","locations":[{"start":{"line":389,"column":35},"end":{"line":389,"column":66}},{"start":{"line":389,"column":70},"end":{"line":389,"column":79}}],"line":389},"36":{"loc":{"start":{"line":395,"column":26},"end":{"line":395,"column":54}},"type":"binary-expr","locations":[{"start":{"line":395,"column":26},"end":{"line":395,"column":49}},{"start":{"line":395,"column":53},"end":{"line":395,"column":54}}],"line":395},"37":{"loc":{"start":{"line":396,"column":26},"end":{"line":396,"column":54}},"type":"binary-expr","locations":[{"start":{"line":396,"column":26},"end":{"line":396,"column":49}},{"start":{"line":396,"column":53},"end":{"line":396,"column":54}}],"line":396},"38":{"loc":{"start":{"line":416,"column":8},"end":{"line":418,"column":9}},"type":"if","locations":[{"start":{"line":416,"column":8},"end":{"line":418,"column":9}},{"start":{},"end":{}}],"line":416},"39":{"loc":{"start":{"line":442,"column":33},"end":{"line":442,"column":77}},"type":"cond-expr","locations":[{"start":{"line":442,"column":54},"end":{"line":442,"column":72}},{"start":{"line":442,"column":75},"end":{"line":442,"column":77}}],"line":442},"40":{"loc":{"start":{"line":451,"column":35},"end":{"line":451,"column":80}},"type":"binary-expr","locations":[{"start":{"line":451,"column":35},"end":{"line":451,"column":67}},{"start":{"line":451,"column":71},"end":{"line":451,"column":80}}],"line":451},"41":{"loc":{"start":{"line":460,"column":32},"end":{"line":460,"column":74}},"type":"cond-expr","locations":[{"start":{"line":460,"column":52},"end":{"line":460,"column":69}},{"start":{"line":460,"column":72},"end":{"line":460,"column":74}}],"line":460},"42":{"loc":{"start":{"line":469,"column":35},"end":{"line":469,"column":79}},"type":"binary-expr","locations":[{"start":{"line":469,"column":35},"end":{"line":469,"column":66}},{"start":{"line":469,"column":70},"end":{"line":469,"column":79}}],"line":469},"43":{"loc":{"start":{"line":475,"column":26},"end":{"line":475,"column":54}},"type":"binary-expr","locations":[{"start":{"line":475,"column":26},"end":{"line":475,"column":49}},{"start":{"line":475,"column":53},"end":{"line":475,"column":54}}],"line":475},"44":{"loc":{"start":{"line":476,"column":26},"end":{"line":476,"column":54}},"type":"binary-expr","locations":[{"start":{"line":476,"column":26},"end":{"line":476,"column":49}},{"start":{"line":476,"column":53},"end":{"line":476,"column":54}}],"line":476}},"s":{"0":0,"1":0,"2":0,"3":0,"4":0,"5":0,"6":0,"7":0,"8":0,"9":0,"10":0,"11":0,"12":0,"13":0,"14":0,"15":0,"16":0,"17":0,"18":0,"19":0,"20":0,"21":0,"22":0,"23":0,"24":0,"25":0,"26":0,"27":0,"28":0,"29":0,"30":0,"31":0,"32":0,"33":0,"34":0,"35":0,"36":0,"37":0,"38":0,"39":0,"40":0,"41":0,"42":0,"43":0,"44":0,"45":0,"46":0,"47":0,"48":0,"49":0,"50":0,"51":0,"52":0,"53":0,"54":0,"55":0,"56":0,"57":0,"58":0,"59":0,"60":0,"61":0,"62":0,"63":0,"64":0,"65":0,"66":0,"67":0,"68":0,"69":0,"70":0,"71":0,"72":0,"73":0,"74":0,"75":0,"76":0,"77":0,"78":0,"79":0,"80":0,"81":0,"82":0,"83":0,"84":0,"85":0,"86":0,"87":0,"88":0,"89":0,"90":0,"91":0,"92":0,"93":0,"94":0,"95":0,"96":0,"97":0,"98":0,"99":0,"100":0,"101":0,"102":0,"103":0,"104":0,"105":0,"106":0,"107":0,"108":0,"109":0,"110":0,"111":0,"112":0,"113":0,"114":0,"115":0,"116":0,"117":0,"118":0,"119":0,"120":0,"121":0,"122":0,"123":0,"124":0,"125":0,"126":0,"127":0,"128":0,"129":0,"130":0,"131":0,"132":0,"133":0,"134":0,"135":0,"136":0,"137":0,"138":0,"139":0,"140":0,"141":0,"142":0,"143":0,"144":0,"145":0,"146":0,"147":0},"f":{"0":0,"1":0,"2":0,"3":0,"4":0,"5":0,"6":0,"7":0,"8":0,"9":0},"b":{"0":[0,0],"1":[0,0],"2":[0,0],"3":[0,0],"4":[0,0],"5":[0,0],"6":[0,0],"7":[0,0],"8":[0,0],"9":[0,0],"10":[0,0],"11":[0,0],"12":[0,0],"13":[0,0],"14":[0,0],"15":[0,0],"16":[0,0],"17":[0,0],"18":[0,0],"19":[0,0],"20":[0,0],"21":[0,0],"22":[0,0],"23":[0,0],"24":[0,0],"25":[0,0],"26":[0,0],"27":[0,0],"28":[0,0],"29":[0,0],"30":[0,0],"31":[0,0],"32":[0,0],"33":[0,0],"34":[0,0],"35":[0,0],"36":[0,0],"37":[0,0],"38":[0,0],"39":[0,0],"40":[0,0],"41":[0,0],"42":[0,0],"43":[0,0],"44":[0,0]}}
,"/Users/josiah.buxton/Documents/personal/coral_clash/functions/routes/userProfile.js": {"path":"/Users/josiah.buxton/Documents/personal/coral_clash/functions/routes/userProfile.js","statementMap":{"0":{"start":{"line":1,"column":18},"end":{"line":1,"column":50}},"1":{"start":{"line":2,"column":14},"end":{"line":2,"column":39}},"2":{"start":{"line":3,"column":28},"end":{"line":3,"column":55}},"3":{"start":{"line":5,"column":11},"end":{"line":5,"column":28}},"4":{"start":{"line":11,"column":0},"end":{"line":52,"column":3}},"5":{"start":{"line":12,"column":4},"end":{"line":51,"column":5}},"6":{"start":{"line":14,"column":8},"end":{"line":16,"column":9}},"7":{"start":{"line":15,"column":12},"end":{"line":15,"column":98}},"8":{"start":{"line":18,"column":27},"end":{"line":18,"column":31}},"9":{"start":{"line":21,"column":8},"end":{"line":36,"column":9}},"10":{"start":{"line":23,"column":30},"end":{"line":28,"column":22}},"11":{"start":{"line":30,"column":12},"end":{"line":35,"column":13}},"12":{"start":{"line":31,"column":16},"end":{"line":34,"column":18}},"13":{"start":{"line":38,"column":24},"end":{"line":38,"column":70}},"14":{"start":{"line":40,"column":8},"end":{"line":42,"column":9}},"15":{"start":{"line":41,"column":12},"end":{"line":41,"column":80}},"16":{"start":{"line":44,"column":8},"end":{"line":47,"column":10}},"17":{"start":{"line":49,"column":8},"end":{"line":49,"column":60}},"18":{"start":{"line":50,"column":8},"end":{"line":50,"column":72}},"19":{"start":{"line":58,"column":0},"end":{"line":85,"column":3}},"20":{"start":{"line":59,"column":4},"end":{"line":84,"column":5}},"21":{"start":{"line":60,"column":8},"end":{"line":62,"column":9}},"22":{"start":{"line":61,"column":12},"end":{"line":61,"column":98}},"23":{"start":{"line":64,"column":55},"end":{"line":64,"column":59}},"24":{"start":{"line":65,"column":23},"end":{"line":65,"column":39}},"25":{"start":{"line":67,"column":27},"end":{"line":69,"column":9}},"26":{"start":{"line":71,"column":8},"end":{"line":71,"column":62}},"27":{"start":{"line":71,"column":25},"end":{"line":71,"column":62}},"28":{"start":{"line":72,"column":8},"end":{"line":72,"column":53}},"29":{"start":{"line":72,"column":22},"end":{"line":72,"column":53}},"30":{"start":{"line":73,"column":8},"end":{"line":73,"column":62}},"31":{"start":{"line":73,"column":25},"end":{"line":73,"column":62}},"32":{"start":{"line":75,"column":8},"end":{"line":75,"column":68}},"33":{"start":{"line":77,"column":8},"end":{"line":80,"column":10}},"34":{"start":{"line":82,"column":8},"end":{"line":82,"column":61}},"35":{"start":{"line":83,"column":8},"end":{"line":83,"column":72}}},"fnMap":{"0":{"name":"(anonymous_0)","decl":{"start":{"line":11,"column":48},"end":{"line":11,"column":49}},"loc":{"start":{"line":11,"column":73},"end":{"line":52,"column":1}},"line":11},"1":{"name":"(anonymous_1)","decl":{"start":{"line":58,"column":51},"end":{"line":58,"column":52}},"loc":{"start":{"line":58,"column":76},"end":{"line":85,"column":1}},"line":58}},"branchMap":{"0":{"loc":{"start":{"line":14,"column":8},"end":{"line":16,"column":9}},"type":"if","locations":[{"start":{"line":14,"column":8},"end":{"line":16,"column":9}},{"start":{},"end":{}}],"line":14},"1":{"loc":{"start":{"line":21,"column":8},"end":{"line":36,"column":9}},"type":"if","locations":[{"start":{"line":21,"column":8},"end":{"line":36,"column":9}},{"start":{},"end":{}}],"line":21},"2":{"loc":{"start":{"line":30,"column":12},"end":{"line":35,"column":13}},"type":"if","locations":[{"start":{"line":30,"column":12},"end":{"line":35,"column":13}},{"start":{},"end":{}}],"line":30},"3":{"loc":{"start":{"line":40,"column":8},"end":{"line":42,"column":9}},"type":"if","locations":[{"start":{"line":40,"column":8},"end":{"line":42,"column":9}},{"start":{},"end":{}}],"line":40},"4":{"loc":{"start":{"line":60,"column":8},"end":{"line":62,"column":9}},"type":"if","locations":[{"start":{"line":60,"column":8},"end":{"line":62,"column":9}},{"start":{},"end":{}}],"line":60},"5":{"loc":{"start":{"line":71,"column":8},"end":{"line":71,"column":62}},"type":"if","locations":[{"start":{"line":71,"column":8},"end":{"line":71,"column":62}},{"start":{},"end":{}}],"line":71},"6":{"loc":{"start":{"line":72,"column":8},"end":{"line":72,"column":53}},"type":"if","locations":[{"start":{"line":72,"column":8},"end":{"line":72,"column":53}},{"start":{},"end":{}}],"line":72},"7":{"loc":{"start":{"line":73,"column":8},"end":{"line":73,"column":62}},"type":"if","locations":[{"start":{"line":73,"column":8},"end":{"line":73,"column":62}},{"start":{},"end":{}}],"line":73}},"s":{"0":1,"1":1,"2":1,"3":1,"4":1,"5":5,"6":5,"7":1,"8":4,"9":4,"10":2,"11":2,"12":1,"13":3,"14":3,"15":1,"16":2,"17":3,"18":3,"19":1,"20":5,"21":5,"22":1,"23":4,"24":4,"25":4,"26":4,"27":3,"28":4,"29":2,"30":4,"31":1,"32":4,"33":4,"34":1,"35":1},"f":{"0":5,"1":5},"b":{"0":[1,4],"1":[2,2],"2":[1,1],"3":[1,2],"4":[1,4],"5":[3,1],"6":[2,2],"7":[1,3]},"_coverageSchema":"1a1c01bbd47fc00a2c39e90264f33305004495a9","hash":"19d2c83f6d1662085566676885fba2976080a952"}
,"/Users/josiah.buxton/Documents/personal/coral_clash/functions/routes/userSettings.js": {"path":"/Users/josiah.buxton/Documents/personal/coral_clash/functions/routes/userSettings.js","statementMap":{"0":{"start":{"line":1,"column":18},"end":{"line":1,"column":50}},"1":{"start":{"line":2,"column":14},"end":{"line":2,"column":39}},"2":{"start":{"line":3,"column":31},"end":{"line":3,"column":58}},"3":{"start":{"line":5,"column":11},"end":{"line":5,"column":28}},"4":{"start":{"line":11,"column":0},"end":{"line":41,"column":3}},"5":{"start":{"line":12,"column":4},"end":{"line":40,"column":5}},"6":{"start":{"line":13,"column":8},"end":{"line":15,"column":9}},"7":{"start":{"line":14,"column":12},"end":{"line":14,"column":98}},"8":{"start":{"line":17,"column":23},"end":{"line":17,"column":39}},"9":{"start":{"line":18,"column":28},"end":{"line":23,"column":18}},"10":{"start":{"line":25,"column":8},"end":{"line":31,"column":9}},"11":{"start":{"line":27,"column":12},"end":{"line":30,"column":14}},"12":{"start":{"line":33,"column":8},"end":{"line":36,"column":10}},"13":{"start":{"line":38,"column":8},"end":{"line":38,"column":61}},"14":{"start":{"line":39,"column":8},"end":{"line":39,"column":72}},"15":{"start":{"line":47,"column":0},"end":{"line":90,"column":3}},"16":{"start":{"line":48,"column":4},"end":{"line":89,"column":5}},"17":{"start":{"line":49,"column":8},"end":{"line":51,"column":9}},"18":{"start":{"line":50,"column":12},"end":{"line":50,"column":98}},"19":{"start":{"line":53,"column":23},"end":{"line":53,"column":39}},"20":{"start":{"line":54,"column":29},"end":{"line":54,"column":33}},"21":{"start":{"line":56,"column":8},"end":{"line":58,"column":9}},"22":{"start":{"line":57,"column":12},"end":{"line":57,"column":98}},"23":{"start":{"line":61,"column":34},"end":{"line":64,"column":9}},"24":{"start":{"line":67,"column":8},"end":{"line":72,"column":53}},"25":{"start":{"line":75,"column":8},"end":{"line":79,"column":9}},"26":{"start":{"line":76,"column":12},"end":{"line":78,"column":15}},"27":{"start":{"line":81,"column":8},"end":{"line":85,"column":10}},"28":{"start":{"line":87,"column":8},"end":{"line":87,"column":62}},"29":{"start":{"line":88,"column":8},"end":{"line":88,"column":72}},"30":{"start":{"line":96,"column":0},"end":{"line":131,"column":3}},"31":{"start":{"line":97,"column":4},"end":{"line":130,"column":5}},"32":{"start":{"line":98,"column":8},"end":{"line":100,"column":9}},"33":{"start":{"line":99,"column":12},"end":{"line":99,"column":98}},"34":{"start":{"line":102,"column":23},"end":{"line":102,"column":39}},"35":{"start":{"line":103,"column":32},"end":{"line":103,"column":52}},"36":{"start":{"line":105,"column":8},"end":{"line":113,"column":15}},"37":{"start":{"line":116,"column":8},"end":{"line":120,"column":9}},"38":{"start":{"line":117,"column":12},"end":{"line":119,"column":15}},"39":{"start":{"line":122,"column":8},"end":{"line":126,"column":10}},"40":{"start":{"line":128,"column":8},"end":{"line":128,"column":63}},"41":{"start":{"line":129,"column":8},"end":{"line":129,"column":72}}},"fnMap":{"0":{"name":"(anonymous_0)","decl":{"start":{"line":11,"column":49},"end":{"line":11,"column":50}},"loc":{"start":{"line":11,"column":74},"end":{"line":41,"column":1}},"line":11},"1":{"name":"(anonymous_1)","decl":{"start":{"line":47,"column":52},"end":{"line":47,"column":53}},"loc":{"start":{"line":47,"column":77},"end":{"line":90,"column":1}},"line":47},"2":{"name":"(anonymous_2)","decl":{"start":{"line":96,"column":51},"end":{"line":96,"column":52}},"loc":{"start":{"line":96,"column":76},"end":{"line":131,"column":1}},"line":96}},"branchMap":{"0":{"loc":{"start":{"line":13,"column":8},"end":{"line":15,"column":9}},"type":"if","locations":[{"start":{"line":13,"column":8},"end":{"line":15,"column":9}},{"start":{},"end":{}}],"line":13},"1":{"loc":{"start":{"line":25,"column":8},"end":{"line":31,"column":9}},"type":"if","locations":[{"start":{"line":25,"column":8},"end":{"line":31,"column":9}},{"start":{},"end":{}}],"line":25},"2":{"loc":{"start":{"line":49,"column":8},"end":{"line":51,"column":9}},"type":"if","locations":[{"start":{"line":49,"column":8},"end":{"line":51,"column":9}},{"start":{},"end":{}}],"line":49},"3":{"loc":{"start":{"line":56,"column":8},"end":{"line":58,"column":9}},"type":"if","locations":[{"start":{"line":56,"column":8},"end":{"line":58,"column":9}},{"start":{},"end":{}}],"line":56},"4":{"loc":{"start":{"line":75,"column":8},"end":{"line":79,"column":9}},"type":"if","locations":[{"start":{"line":75,"column":8},"end":{"line":79,"column":9}},{"start":{},"end":{}}],"line":75},"5":{"loc":{"start":{"line":98,"column":8},"end":{"line":100,"column":9}},"type":"if","locations":[{"start":{"line":98,"column":8},"end":{"line":100,"column":9}},{"start":{},"end":{}}],"line":98},"6":{"loc":{"start":{"line":116,"column":8},"end":{"line":120,"column":9}},"type":"if","locations":[{"start":{"line":116,"column":8},"end":{"line":120,"column":9}},{"start":{},"end":{}}],"line":116}},"s":{"0":1,"1":1,"2":1,"3":1,"4":1,"5":3,"6":3,"7":1,"8":2,"9":2,"10":2,"11":1,"12":1,"13":1,"14":1,"15":1,"16":4,"17":4,"18":1,"19":3,"20":3,"21":3,"22":1,"23":2,"24":2,"25":2,"26":2,"27":2,"28":2,"29":2,"30":1,"31":3,"32":3,"33":1,"34":2,"35":2,"36":2,"37":2,"38":2,"39":2,"40":1,"41":1},"f":{"0":3,"1":4,"2":3},"b":{"0":[1,2],"1":[1,1],"2":[1,3],"3":[1,2],"4":[2,0],"5":[1,2],"6":[2,0]},"_coverageSchema":"1a1c01bbd47fc00a2c39e90264f33305004495a9","hash":"ad5ef4eaee7cbf03134cfc0e2d5ddbf0db871b58"}
,"/Users/josiah.buxton/Documents/personal/coral_clash/functions/utils/gameValidator.js": {"path":"/Users/josiah.buxton/Documents/personal/coral_clash/functions/utils/gameValidator.js","statementMap":{"0":{"start":{"line":2,"column":43},"end":{"line":2,"column":71}},"1":{"start":{"line":11,"column":4},"end":{"line":35,"column":5}},"2":{"start":{"line":12,"column":21},"end":{"line":12,"column":40}},"3":{"start":{"line":15,"column":23},"end":{"line":15,"column":38}},"4":{"start":{"line":17,"column":8},"end":{"line":22,"column":9}},"5":{"start":{"line":18,"column":12},"end":{"line":21,"column":14}},"6":{"start":{"line":24,"column":8},"end":{"line":29,"column":10}},"7":{"start":{"line":31,"column":8},"end":{"line":34,"column":10}},"8":{"start":{"line":45,"column":4},"end":{"line":51,"column":5}},"9":{"start":{"line":46,"column":21},"end":{"line":46,"column":40}},"10":{"start":{"line":47,"column":8},"end":{"line":47,"column":53}},"11":{"start":{"line":49,"column":8},"end":{"line":49,"column":59}},"12":{"start":{"line":50,"column":8},"end":{"line":50,"column":18}},"13":{"start":{"line":60,"column":4},"end":{"line":117,"column":5}},"14":{"start":{"line":61,"column":21},"end":{"line":61,"column":40}},"15":{"start":{"line":63,"column":8},"end":{"line":65,"column":9}},"16":{"start":{"line":64,"column":12},"end":{"line":64,"column":37}},"17":{"start":{"line":68,"column":8},"end":{"line":76,"column":9}},"18":{"start":{"line":69,"column":27},"end":{"line":69,"column":58}},"19":{"start":{"line":70,"column":12},"end":{"line":75,"column":14}},"20":{"start":{"line":78,"column":8},"end":{"line":90,"column":9}},"21":{"start":{"line":79,"column":12},"end":{"line":89,"column":14}},"22":{"start":{"line":92,"column":28},"end":{"line":92,"column":49}},"23":{"start":{"line":93,"column":8},"end":{"line":100,"column":9}},"24":{"start":{"line":94,"column":12},"end":{"line":99,"column":14}},"25":{"start":{"line":102,"column":25},"end":{"line":102,"column":42}},"26":{"start":{"line":103,"column":8},"end":{"line":111,"column":9}},"27":{"start":{"line":104,"column":27},"end":{"line":104,"column":55}},"28":{"start":{"line":105,"column":12},"end":{"line":110,"column":14}},"29":{"start":{"line":113,"column":8},"end":{"line":113,"column":70}},"30":{"start":{"line":115,"column":8},"end":{"line":115,"column":59}},"31":{"start":{"line":116,"column":8},"end":{"line":116,"column":55}},"32":{"start":{"line":120,"column":0},"end":{"line":124,"column":2}}},"fnMap":{"0":{"name":"validateMove","decl":{"start":{"line":10,"column":9},"end":{"line":10,"column":21}},"loc":{"start":{"line":10,"column":33},"end":{"line":36,"column":1}},"line":10},"1":{"name":"getLegalMoves","decl":{"start":{"line":44,"column":9},"end":{"line":44,"column":22}},"loc":{"start":{"line":44,"column":48},"end":{"line":52,"column":1}},"line":44},"2":{"name":"getGameResult","decl":{"start":{"line":59,"column":9},"end":{"line":59,"column":22}},"loc":{"start":{"line":59,"column":28},"end":{"line":118,"column":1}},"line":59}},"branchMap":{"0":{"loc":{"start":{"line":17,"column":8},"end":{"line":22,"column":9}},"type":"if","locations":[{"start":{"line":17,"column":8},"end":{"line":22,"column":9}},{"start":{},"end":{}}],"line":17},"1":{"loc":{"start":{"line":33,"column":19},"end":{"line":33,"column":60}},"type":"binary-expr","locations":[{"start":{"line":33,"column":19},"end":{"line":33,"column":32}},{"start":{"line":33,"column":36},"end":{"line":33,"column":60}}],"line":33},"2":{"loc":{"start":{"line":44,"column":28},"end":{"line":44,"column":46}},"type":"default-arg","locations":[{"start":{"line":44,"column":37},"end":{"line":44,"column":46}}],"line":44},"3":{"loc":{"start":{"line":63,"column":8},"end":{"line":65,"column":9}},"type":"if","locations":[{"start":{"line":63,"column":8},"end":{"line":65,"column":9}},{"start":{},"end":{}}],"line":63},"4":{"loc":{"start":{"line":68,"column":8},"end":{"line":76,"column":9}},"type":"if","locations":[{"start":{"line":68,"column":8},"end":{"line":76,"column":9}},{"start":{},"end":{}}],"line":68},"5":{"loc":{"start":{"line":69,"column":27},"end":{"line":69,"column":58}},"type":"cond-expr","locations":[{"start":{"line":69,"column":49},"end":{"line":69,"column":52}},{"start":{"line":69,"column":55},"end":{"line":69,"column":58}}],"line":69},"6":{"loc":{"start":{"line":72,"column":24},"end":{"line":72,"column":54}},"type":"cond-expr","locations":[{"start":{"line":72,"column":41},"end":{"line":72,"column":46}},{"start":{"line":72,"column":49},"end":{"line":72,"column":54}}],"line":72},"7":{"loc":{"start":{"line":78,"column":8},"end":{"line":90,"column":9}},"type":"if","locations":[{"start":{"line":78,"column":8},"end":{"line":90,"column":9}},{"start":{},"end":{}}],"line":78},"8":{"loc":{"start":{"line":82,"column":24},"end":{"line":88,"column":43}},"type":"cond-expr","locations":[{"start":{"line":83,"column":22},"end":{"line":83,"column":33}},{"start":{"line":84,"column":22},"end":{"line":88,"column":43}}],"line":82},"9":{"loc":{"start":{"line":84,"column":22},"end":{"line":88,"column":43}},"type":"cond-expr","locations":[{"start":{"line":85,"column":24},"end":{"line":85,"column":36}},{"start":{"line":86,"column":24},"end":{"line":88,"column":43}}],"line":84},"10":{"loc":{"start":{"line":86,"column":24},"end":{"line":88,"column":43}},"type":"cond-expr","locations":[{"start":{"line":87,"column":26},"end":{"line":87,"column":49}},{"start":{"line":88,"column":26},"end":{"line":88,"column":43}}],"line":86},"11":{"loc":{"start":{"line":93,"column":8},"end":{"line":100,"column":9}},"type":"if","locations":[{"start":{"line":93,"column":8},"end":{"line":100,"column":9}},{"start":{},"end":{}}],"line":93},"12":{"loc":{"start":{"line":96,"column":24},"end":{"line":96,"column":59}},"type":"cond-expr","locations":[{"start":{"line":96,"column":46},"end":{"line":96,"column":51}},{"start":{"line":96,"column":54},"end":{"line":96,"column":59}}],"line":96},"13":{"loc":{"start":{"line":103,"column":8},"end":{"line":111,"column":9}},"type":"if","locations":[{"start":{"line":103,"column":8},"end":{"line":111,"column":9}},{"start":{},"end":{}}],"line":103},"14":{"loc":{"start":{"line":104,"column":27},"end":{"line":104,"column":55}},"type":"cond-expr","locations":[{"start":{"line":104,"column":46},"end":{"line":104,"column":49}},{"start":{"line":104,"column":52},"end":{"line":104,"column":55}}],"line":104},"15":{"loc":{"start":{"line":107,"column":24},"end":{"line":107,"column":54}},"type":"cond-expr","locations":[{"start":{"line":107,"column":41},"end":{"line":107,"column":46}},{"start":{"line":107,"column":49},"end":{"line":107,"column":54}}],"line":107}},"s":{"0":0,"1":0,"2":0,"3":0,"4":0,"5":0,"6":0,"7":0,"8":0,"9":0,"10":0,"11":0,"12":0,"13":0,"14":0,"15":0,"16":0,"17":0,"18":0,"19":0,"20":0,"21":0,"22":0,"23":0,"24":0,"25":0,"26":0,"27":0,"28":0,"29":0,"30":0,"31":0,"32":0},"f":{"0":0,"1":0,"2":0},"b":{"0":[0,0],"1":[0,0],"2":[0],"3":[0,0],"4":[0,0],"5":[0,0],"6":[0,0],"7":[0,0],"8":[0,0],"9":[0,0],"10":[0,0],"11":[0,0],"12":[0,0],"13":[0,0],"14":[0,0],"15":[0,0]}}
,"/Users/josiah.buxton/Documents/personal/coral_clash/functions/utils/helpers.js": {"path":"/Users/josiah.buxton/Documents/personal/coral_clash/functions/utils/helpers.js","statementMap":{"0":{"start":{"line":2,"column":61},"end":{"line":2,"column":89}},"1":{"start":{"line":3,"column":23},"end":{"line":3,"column":58}},"2":{"start":{"line":12,"column":17},"end":{"line":12,"column":49}},"3":{"start":{"line":15,"column":4},"end":{"line":15,"column":36}},"4":{"start":{"line":23,"column":23},"end":{"line":23,"column":82}},"5":{"start":{"line":24,"column":24},"end":{"line":24,"column":69}},"6":{"start":{"line":25,"column":4},"end":{"line":25,"column":35}},"7":{"start":{"line":33,"column":4},"end":{"line":38,"column":6}},"8":{"start":{"line":46,"column":4},"end":{"line":46,"column":40}},"9":{"start":{"line":55,"column":4},"end":{"line":55,"column":40}},"10":{"start":{"line":58,"column":0},"end":{"line":63,"column":2}}},"fnMap":{"0":{"name":"initializeGameState","decl":{"start":{"line":10,"column":9},"end":{"line":10,"column":28}},"loc":{"start":{"line":10,"column":31},"end":{"line":16,"column":1}},"line":10},"1":{"name":"getRandomAvatarKey","decl":{"start":{"line":22,"column":9},"end":{"line":22,"column":27}},"loc":{"start":{"line":22,"column":30},"end":{"line":26,"column":1}},"line":22},"2":{"name":"getDefaultSettings","decl":{"start":{"line":32,"column":9},"end":{"line":32,"column":27}},"loc":{"start":{"line":32,"column":30},"end":{"line":39,"column":1}},"line":32},"3":{"name":"serverTimestamp","decl":{"start":{"line":45,"column":9},"end":{"line":45,"column":24}},"loc":{"start":{"line":45,"column":27},"end":{"line":47,"column":1}},"line":45},"4":{"name":"increment","decl":{"start":{"line":54,"column":9},"end":{"line":54,"column":18}},"loc":{"start":{"line":54,"column":27},"end":{"line":56,"column":1}},"line":54}},"branchMap":{},"s":{"0":3,"1":3,"2":2,"3":2,"4":0,"5":0,"6":0,"7":6,"8":5,"9":2,"10":3},"f":{"0":2,"1":0,"2":6,"3":5,"4":2},"b":{},"_coverageSchema":"1a1c01bbd47fc00a2c39e90264f33305004495a9","hash":"62463d2a39c4e1ff0a430c4d3104f602586f92a3"}
}
