TN:
SF:routes/friends.js
FN:17,formatDisplayName
FN:32,(anonymous_1)
FN:135,(anonymous_2)
FN:153,(anonymous_3)
FN:249,(anonymous_4)
FN:264,(anonymous_5)
FN:343,(anonymous_6)
FN:374,(anonymous_7)
FN:452,(anonymous_8)
FN:469,calculateMatchScore
FN:505,fuzzyScore
FNF:11
FNH:0
FNDA:0,formatDisplayName
FNDA:0,(anonymous_1)
FNDA:0,(anonymous_2)
FNDA:0,(anonymous_3)
FNDA:0,(anonymous_4)
FNDA:0,(anonymous_5)
FNDA:0,(anonymous_6)
FNDA:0,(anonymous_7)
FNDA:0,(anonymous_8)
FNDA:0,calculateMatchScore
FNDA:0,fuzzyScore
DA:1,0
DA:2,0
DA:3,0
DA:7,0
DA:9,0
DA:18,0
DA:19,0
DA:21,0
DA:22,0
DA:24,0
DA:32,0
DA:33,0
DA:34,0
DA:35,0
DA:38,0
DA:39,0
DA:41,0
DA:42,0
DA:48,0
DA:51,0
DA:52,0
DA:53,0
DA:54,0
DA:56,0
DA:59,0
DA:60,0
DA:67,0
DA:68,0
DA:69,0
DA:73,0
DA:80,0
DA:81,0
DA:85,0
DA:92,0
DA:93,0
DA:97,0
DA:104,0
DA:105,0
DA:112,0
DA:120,0
DA:129,0
DA:130,0
DA:131,0
DA:134,0
DA:135,0
DA:138,0
DA:144,0
DA:145,0
DA:153,0
DA:154,0
DA:155,0
DA:156,0
DA:159,0
DA:160,0
DA:162,0
DA:164,0
DA:165,0
DA:168,0
DA:174,0
DA:175,0
DA:177,0
DA:178,0
DA:182,0
DA:183,0
DA:189,0
DA:191,0
DA:193,0
DA:200,0
DA:207,0
DA:211,0
DA:214,0
DA:222,0
DA:228,0
DA:229,0
DA:230,0
DA:231,0
DA:232,0
DA:235,0
DA:240,0
DA:241,0
DA:249,0
DA:250,0
DA:251,0
DA:252,0
DA:255,0
DA:258,0
DA:264,0
DA:267,0
DA:268,0
DA:269,0
DA:270,0
DA:271,0
DA:272,0
DA:281,0
DA:287,0
DA:288,0
DA:289,0
DA:290,0
DA:291,0
DA:292,0
DA:293,0
DA:304,0
DA:310,0
DA:311,0
DA:312,0
DA:313,0
DA:314,0
DA:315,0
DA:316,0
DA:317,0
DA:327,0
DA:334,0
DA:335,0
DA:343,0
DA:344,0
DA:345,0
DA:346,0
DA:349,0
DA:350,0
DA:353,0
DA:355,0
DA:356,0
DA:358,0
DA:360,0
DA:365,0
DA:366,0
DA:374,0
DA:375,0
DA:376,0
DA:377,0
DA:380,0
DA:381,0
DA:383,0
DA:384,0
DA:390,0
DA:394,0
DA:396,0
DA:398,0
DA:399,0
DA:400,0
DA:403,0
DA:406,0
DA:413,0
DA:416,0
DA:424,0
DA:432,0
DA:435,0
DA:436,0
DA:438,0
DA:440,0
DA:441,0
DA:452,0
DA:453,0
DA:455,0
DA:460,0
DA:461,0
DA:470,0
DA:473,0
DA:474,0
DA:478,0
DA:479,0
DA:481,0
DA:482,0
DA:486,0
DA:487,0
DA:489,0
DA:490,0
DA:494,0
DA:495,0
DA:497,0
DA:499,0
DA:506,0
DA:507,0
DA:509,0
DA:510,0
DA:511,0
DA:512,0
DA:517,0
DA:518,0
DA:521,0
LF:180
LH:0
BRDA:18,0,0,0
BRDA:18,0,1,0
BRDA:21,1,0,0
BRDA:21,1,1,0
BRDA:34,2,0,0
BRDA:34,2,1,0
BRDA:41,3,0,0
BRDA:41,3,1,0
BRDA:41,4,0,0
BRDA:41,4,1,0
BRDA:51,5,0,0
BRDA:51,5,1,0
BRDA:51,6,0,0
BRDA:51,6,1,0
BRDA:53,7,0,0
BRDA:53,7,1,0
BRDA:59,8,0,0
BRDA:59,8,1,0
BRDA:68,9,0,0
BRDA:68,9,1,0
BRDA:80,10,0,0
BRDA:80,10,1,0
BRDA:92,11,0,0
BRDA:92,11,1,0
BRDA:104,12,0,0
BRDA:104,12,1,0
BRDA:155,13,0,0
BRDA:155,13,1,0
BRDA:164,14,0,0
BRDA:164,14,1,0
BRDA:177,15,0,0
BRDA:177,15,1,0
BRDA:177,16,0,0
BRDA:177,16,1,0
BRDA:182,17,0,0
BRDA:182,17,1,0
BRDA:182,18,0,0
BRDA:182,18,1,0
BRDA:189,19,0,0
BRDA:189,19,1,0
BRDA:229,20,0,0
BRDA:229,20,1,0
BRDA:231,21,0,0
BRDA:231,21,1,0
BRDA:251,22,0,0
BRDA:251,22,1,0
BRDA:270,23,0,0
BRDA:270,23,1,0
BRDA:275,24,0,0
BRDA:275,24,1,0
BRDA:291,25,0,0
BRDA:291,25,1,0
BRDA:297,26,0,0
BRDA:297,26,1,0
BRDA:314,27,0,0
BRDA:314,27,1,0
BRDA:316,28,0,0
BRDA:316,28,1,0
BRDA:345,29,0,0
BRDA:345,29,1,0
BRDA:376,30,0,0
BRDA:376,30,1,0
BRDA:383,31,0,0
BRDA:383,31,1,0
BRDA:383,32,0,0
BRDA:383,32,1,0
BRDA:403,33,0,0
BRDA:403,33,1,0
BRDA:413,34,0,0
BRDA:413,34,1,0
BRDA:432,35,0,0
BRDA:432,35,1,0
BRDA:435,36,0,0
BRDA:435,36,1,0
BRDA:436,37,0,0
BRDA:436,37,1,0
BRDA:440,38,0,0
BRDA:440,38,1,0
BRDA:444,39,0,0
BRDA:444,39,1,0
BRDA:473,40,0,0
BRDA:473,40,1,0
BRDA:473,41,0,0
BRDA:473,41,1,0
BRDA:478,42,0,0
BRDA:478,42,1,0
BRDA:481,43,0,0
BRDA:481,43,1,0
BRDA:486,44,0,0
BRDA:486,44,1,0
BRDA:489,45,0,0
BRDA:489,45,1,0
BRDA:509,46,0,0
BRDA:509,46,1,0
BRDA:510,47,0,0
BRDA:510,47,1,0
BRDA:517,48,0,0
BRDA:517,48,1,0
BRF:98
BRH:0
end_of_record
TN:
SF:routes/pvpGame.js
FN:18,formatDisplayName
FN:32,(anonymous_1)
FN:87,(anonymous_2)
FN:104,(anonymous_3)
FN:146,(anonymous_4)
FN:166,(anonymous_5)
FN:330,(anonymous_6)
FN:394,(anonymous_7)
FN:414,(anonymous_8)
FN:474,(anonymous_9)
FNF:10
FNH:0
FNDA:0,formatDisplayName
FNDA:0,(anonymous_1)
FNDA:0,(anonymous_2)
FNDA:0,(anonymous_3)
FNDA:0,(anonymous_4)
FNDA:0,(anonymous_5)
FNDA:0,(anonymous_6)
FNDA:0,(anonymous_7)
FNDA:0,(anonymous_8)
FNDA:0,(anonymous_9)
DA:1,0
DA:2,0
DA:3,0
DA:4,0
DA:8,0
DA:10,0
DA:19,0
DA:20,0
DA:22,0
DA:23,0
DA:25,0
DA:32,0
DA:33,0
DA:34,0
DA:35,0
DA:38,0
DA:39,0
DA:42,0
DA:43,0
DA:44,0
DA:48,0
DA:60,0
DA:63,0
DA:73,0
DA:74,0
DA:75,0
DA:78,0
DA:81,0
DA:87,0
DA:89,0
DA:95,0
DA:96,0
DA:104,0
DA:105,0
DA:106,0
DA:107,0
DA:110,0
DA:111,0
DA:113,0
DA:115,0
DA:116,0
DA:119,0
DA:122,0
DA:123,0
DA:127,0
DA:136,0
DA:137,0
DA:138,0
DA:139,0
DA:145,0
DA:146,0
DA:150,0
DA:156,0
DA:157,0
DA:166,0
DA:167,0
DA:168,0
DA:169,0
DA:172,0
DA:173,0
DA:175,0
DA:177,0
DA:178,0
DA:181,0
DA:184,0
DA:185,0
DA:189,0
DA:190,0
DA:194,0
DA:195,0
DA:197,0
DA:198,0
DA:205,0
DA:206,0
DA:213,0
DA:220,0
DA:223,0
DA:231,0
DA:232,0
DA:233,0
DA:234,0
DA:235,0
DA:238,0
DA:241,0
DA:242,0
DA:253,0
DA:254,0
DA:262,0
DA:272,0
DA:274,0
DA:276,0
DA:278,0
DA:286,0
DA:295,0
DA:303,0
DA:313,0
DA:321,0
DA:322,0
DA:330,0
DA:331,0
DA:332,0
DA:333,0
DA:336,0
DA:339,0
DA:347,0
DA:355,0
DA:358,0
DA:359,0
DA:361,0
DA:362,0
DA:364,0
DA:376,0
DA:377,0
DA:379,0
DA:380,0
DA:382,0
DA:394,0
DA:395,0
DA:396,0
DA:397,0
DA:400,0
DA:405,0
DA:406,0
DA:414,0
DA:415,0
DA:416,0
DA:417,0
DA:420,0
DA:423,0
DA:429,0
DA:435,0
DA:438,0
DA:439,0
DA:441,0
DA:442,0
DA:444,0
DA:456,0
DA:457,0
DA:459,0
DA:460,0
DA:462,0
DA:474,0
DA:475,0
DA:476,0
DA:477,0
DA:480,0
DA:485,0
DA:486,0
LF:148
LH:0
BRDA:19,0,0,0
BRDA:19,0,1,0
BRDA:22,1,0,0
BRDA:22,1,1,0
BRDA:34,2,0,0
BRDA:34,2,1,0
BRDA:43,3,0,0
BRDA:43,3,1,0
BRDA:53,4,0,0
BRDA:53,4,1,0
BRDA:86,5,0,0
BRDA:86,5,1,0
BRDA:106,6,0,0
BRDA:106,6,1,0
BRDA:115,7,0,0
BRDA:115,7,1,0
BRDA:122,8,0,0
BRDA:122,8,1,0
BRDA:131,9,0,0
BRDA:131,9,1,0
BRDA:136,10,0,0
BRDA:136,10,1,0
BRDA:152,11,0,0
BRDA:152,11,1,0
BRDA:168,12,0,0
BRDA:168,12,1,0
BRDA:177,13,0,0
BRDA:177,13,1,0
BRDA:184,14,0,0
BRDA:184,14,1,0
BRDA:189,15,0,0
BRDA:189,15,1,0
BRDA:189,16,0,0
BRDA:189,16,1,0
BRDA:194,17,0,0
BRDA:194,17,1,0
BRDA:197,18,0,0
BRDA:197,18,1,0
BRDA:205,19,0,0
BRDA:205,19,1,0
BRDA:213,20,0,0
BRDA:213,20,1,0
BRDA:215,21,0,0
BRDA:215,21,1,0
BRDA:231,22,0,0
BRDA:231,22,1,0
BRDA:235,23,0,0
BRDA:235,23,1,0
BRDA:241,24,0,0
BRDA:241,24,1,0
BRDA:241,25,0,0
BRDA:241,25,1,0
BRDA:253,26,0,0
BRDA:253,26,1,0
BRDA:272,27,0,0
BRDA:272,27,1,0
BRDA:274,28,0,0
BRDA:274,28,1,0
BRDA:276,29,0,0
BRDA:276,29,1,0
BRDA:318,30,0,0
BRDA:318,30,1,0
BRDA:332,31,0,0
BRDA:332,31,1,0
BRDA:362,32,0,0
BRDA:362,32,1,0
BRDA:371,33,0,0
BRDA:371,33,1,0
BRDA:380,34,0,0
BRDA:380,34,1,0
BRDA:389,35,0,0
BRDA:389,35,1,0
BRDA:395,36,0,0
BRDA:395,36,1,0
BRDA:396,37,0,0
BRDA:396,37,1,0
BRDA:416,38,0,0
BRDA:416,38,1,0
BRDA:442,39,0,0
BRDA:442,39,1,0
BRDA:451,40,0,0
BRDA:451,40,1,0
BRDA:460,41,0,0
BRDA:460,41,1,0
BRDA:469,42,0,0
BRDA:469,42,1,0
BRDA:475,43,0,0
BRDA:475,43,1,0
BRDA:476,44,0,0
BRDA:476,44,1,0
BRF:90
BRH:0
end_of_record
TN:
SF:routes/userProfile.js
FN:11,(anonymous_0)
FN:58,(anonymous_1)
FNF:2
FNH:2
FNDA:5,(anonymous_0)
FNDA:5,(anonymous_1)
DA:1,1
DA:2,1
DA:3,1
DA:5,1
DA:11,1
DA:12,5
DA:14,5
DA:15,1
DA:18,4
DA:21,4
DA:23,2
DA:30,2
DA:31,1
DA:38,3
DA:40,3
DA:41,1
DA:44,2
DA:49,3
DA:50,3
DA:58,1
DA:59,5
DA:60,5
DA:61,1
DA:64,4
DA:65,4
DA:67,4
DA:71,4
DA:72,4
DA:73,4
DA:75,4
DA:77,4
DA:82,1
DA:83,1
LF:33
LH:33
BRDA:14,0,0,1
BRDA:14,0,1,4
BRDA:21,1,0,2
BRDA:21,1,1,2
BRDA:30,2,0,1
BRDA:30,2,1,1
BRDA:40,3,0,1
BRDA:40,3,1,2
BRDA:60,4,0,1
BRDA:60,4,1,4
BRDA:71,5,0,3
BRDA:71,5,1,1
BRDA:72,6,0,2
BRDA:72,6,1,2
BRDA:73,7,0,1
BRDA:73,7,1,3
BRF:16
BRH:16
end_of_record
TN:
SF:routes/userSettings.js
FN:11,(anonymous_0)
FN:47,(anonymous_1)
FN:96,(anonymous_2)
FNF:3
FNH:3
FNDA:3,(anonymous_0)
FNDA:4,(anonymous_1)
FNDA:3,(anonymous_2)
DA:1,1
DA:2,1
DA:3,1
DA:5,1
DA:11,1
DA:12,3
DA:13,3
DA:14,1
DA:17,2
DA:18,2
DA:25,2
DA:27,1
DA:33,1
DA:38,1
DA:39,1
DA:47,1
DA:48,4
DA:49,4
DA:50,1
DA:53,3
DA:54,3
DA:56,3
DA:57,1
DA:61,2
DA:67,2
DA:75,2
DA:76,2
DA:81,2
DA:87,2
DA:88,2
DA:96,1
DA:97,3
DA:98,3
DA:99,1
DA:102,2
DA:103,2
DA:105,2
DA:116,2
DA:117,2
DA:122,2
DA:128,1
DA:129,1
LF:42
LH:42
BRDA:13,0,0,1
BRDA:13,0,1,2
BRDA:25,1,0,1
BRDA:25,1,1,1
BRDA:49,2,0,1
BRDA:49,2,1,3
BRDA:56,3,0,1
BRDA:56,3,1,2
BRDA:75,4,0,2
BRDA:75,4,1,0
BRDA:98,5,0,1
BRDA:98,5,1,2
BRDA:116,6,0,2
BRDA:116,6,1,0
BRF:14
BRH:12
end_of_record
TN:
SF:utils/gameValidator.js
FN:10,validateMove
FN:44,getLegalMoves
FN:59,getGameResult
FNF:3
FNH:0
FNDA:0,validateMove
FNDA:0,getLegalMoves
FNDA:0,getGameResult
DA:2,0
DA:11,0
DA:12,0
DA:15,0
DA:17,0
DA:18,0
DA:24,0
DA:31,0
DA:45,0
DA:46,0
DA:47,0
DA:49,0
DA:50,0
DA:60,0
DA:61,0
DA:63,0
DA:64,0
DA:68,0
DA:69,0
DA:70,0
DA:78,0
DA:79,0
DA:92,0
DA:93,0
DA:94,0
DA:102,0
DA:103,0
DA:104,0
DA:105,0
DA:113,0
DA:115,0
DA:116,0
DA:120,0
LF:33
LH:0
BRDA:17,0,0,0
BRDA:17,0,1,0
BRDA:33,1,0,0
BRDA:33,1,1,0
BRDA:44,2,0,0
BRDA:63,3,0,0
BRDA:63,3,1,0
BRDA:68,4,0,0
BRDA:68,4,1,0
BRDA:69,5,0,0
BRDA:69,5,1,0
BRDA:72,6,0,0
BRDA:72,6,1,0
BRDA:78,7,0,0
BRDA:78,7,1,0
BRDA:82,8,0,0
BRDA:82,8,1,0
BRDA:84,9,0,0
BRDA:84,9,1,0
BRDA:86,10,0,0
BRDA:86,10,1,0
BRDA:93,11,0,0
BRDA:93,11,1,0
BRDA:96,12,0,0
BRDA:96,12,1,0
BRDA:103,13,0,0
BRDA:103,13,1,0
BRDA:104,14,0,0
BRDA:104,14,1,0
BRDA:107,15,0,0
BRDA:107,15,1,0
BRF:31
BRH:0
end_of_record
TN:
SF:utils/helpers.js
FN:10,initializeGameState
FN:22,getRandomAvatarKey
FN:32,getDefaultSettings
FN:45,serverTimestamp
FN:54,increment
FNF:5
FNH:4
FNDA:2,initializeGameState
FNDA:0,getRandomAvatarKey
FNDA:6,getDefaultSettings
FNDA:5,serverTimestamp
FNDA:2,increment
DA:2,3
DA:3,3
DA:12,2
DA:15,2
DA:23,0
DA:24,0
DA:25,0
DA:33,6
DA:46,5
DA:55,2
DA:58,3
LF:11
LH:8
BRF:0
BRH:0
end_of_record
